ARM GAS  C:\Users\cy023\AppData\Local\Temp\ccERCq3K.s 			page 1


   1              		.cpu cortex-m4
   2              		.eabi_attribute 27, 1
   3              		.eabi_attribute 28, 1
   4              		.eabi_attribute 20, 1
   5              		.eabi_attribute 21, 1
   6              		.eabi_attribute 23, 3
   7              		.eabi_attribute 24, 1
   8              		.eabi_attribute 25, 1
   9              		.eabi_attribute 26, 1
  10              		.eabi_attribute 30, 1
  11              		.eabi_attribute 34, 1
  12              		.eabi_attribute 18, 4
  13              		.file	"main.c"
  14              		.text
  15              	.Ltext0:
  16              		.cfi_sections	.debug_frame
  17              		.section	.text.MX_GPIO_Init,"ax",%progbits
  18              		.align	1
  19              		.arch armv7e-m
  20              		.syntax unified
  21              		.thumb
  22              		.thumb_func
  23              		.fpu fpv4-sp-d16
  25              	MX_GPIO_Init:
  26              	.LFB139:
  27              		.file 1 "Core/Src/main.c"
   1:Core/Src/main.c **** /* USER CODE BEGIN Header */
   2:Core/Src/main.c **** /**
   3:Core/Src/main.c ****   ******************************************************************************
   4:Core/Src/main.c ****   * @file           : main.c
   5:Core/Src/main.c ****   * @brief          : Main program body
   6:Core/Src/main.c ****   ******************************************************************************
   7:Core/Src/main.c ****   * @attention
   8:Core/Src/main.c ****   *
   9:Core/Src/main.c ****   * <h2><center>&copy; Copyright (c) 2021 STMicroelectronics.
  10:Core/Src/main.c ****   * All rights reserved.</center></h2>
  11:Core/Src/main.c ****   *
  12:Core/Src/main.c ****   * This software component is licensed by ST under Ultimate Liberty license
  13:Core/Src/main.c ****   * SLA0044, the "License"; You may not use this file except in compliance with
  14:Core/Src/main.c ****   * the License. You may obtain a copy of the License at:
  15:Core/Src/main.c ****   *                             www.st.com/SLA0044
  16:Core/Src/main.c ****   *
  17:Core/Src/main.c ****   ******************************************************************************
  18:Core/Src/main.c ****   */
  19:Core/Src/main.c **** /* USER CODE END Header */
  20:Core/Src/main.c **** /* Includes ------------------------------------------------------------------*/
  21:Core/Src/main.c **** #include "main.h"
  22:Core/Src/main.c **** #include "usb_device.h"
  23:Core/Src/main.c **** 
  24:Core/Src/main.c **** /* Private includes ----------------------------------------------------------*/
  25:Core/Src/main.c **** /* USER CODE BEGIN Includes */
  26:Core/Src/main.c **** 
  27:Core/Src/main.c **** /* USER CODE END Includes */
  28:Core/Src/main.c **** 
  29:Core/Src/main.c **** /* Private typedef -----------------------------------------------------------*/
  30:Core/Src/main.c **** /* USER CODE BEGIN PTD */
  31:Core/Src/main.c **** 
ARM GAS  C:\Users\cy023\AppData\Local\Temp\ccERCq3K.s 			page 2


  32:Core/Src/main.c **** /* USER CODE END PTD */
  33:Core/Src/main.c **** 
  34:Core/Src/main.c **** /* Private define ------------------------------------------------------------*/
  35:Core/Src/main.c **** /* USER CODE BEGIN PD */
  36:Core/Src/main.c **** /* USER CODE END PD */
  37:Core/Src/main.c **** 
  38:Core/Src/main.c **** /* Private macro -------------------------------------------------------------*/
  39:Core/Src/main.c **** /* USER CODE BEGIN PM */
  40:Core/Src/main.c **** 
  41:Core/Src/main.c **** /* USER CODE END PM */
  42:Core/Src/main.c **** 
  43:Core/Src/main.c **** /* Private variables ---------------------------------------------------------*/
  44:Core/Src/main.c **** I2C_HandleTypeDef hi2c1;
  45:Core/Src/main.c **** 
  46:Core/Src/main.c **** I2S_HandleTypeDef hi2s3;
  47:Core/Src/main.c **** DMA_HandleTypeDef hdma_spi3_tx;
  48:Core/Src/main.c **** 
  49:Core/Src/main.c **** /* USER CODE BEGIN PV */
  50:Core/Src/main.c **** 
  51:Core/Src/main.c **** /* USER CODE END PV */
  52:Core/Src/main.c **** 
  53:Core/Src/main.c **** /* Private function prototypes -----------------------------------------------*/
  54:Core/Src/main.c **** void SystemClock_Config(void);
  55:Core/Src/main.c **** static void MX_GPIO_Init(void);
  56:Core/Src/main.c **** static void MX_DMA_Init(void);
  57:Core/Src/main.c **** static void MX_I2C1_Init(void);
  58:Core/Src/main.c **** static void MX_I2S3_Init(void);
  59:Core/Src/main.c **** /* USER CODE BEGIN PFP */
  60:Core/Src/main.c **** 
  61:Core/Src/main.c **** /* USER CODE END PFP */
  62:Core/Src/main.c **** 
  63:Core/Src/main.c **** /* Private user code ---------------------------------------------------------*/
  64:Core/Src/main.c **** /* USER CODE BEGIN 0 */
  65:Core/Src/main.c **** 
  66:Core/Src/main.c **** /* USER CODE END 0 */
  67:Core/Src/main.c **** 
  68:Core/Src/main.c **** /**
  69:Core/Src/main.c ****   * @brief  The application entry point.
  70:Core/Src/main.c ****   * @retval int
  71:Core/Src/main.c ****   */
  72:Core/Src/main.c **** int main(void)
  73:Core/Src/main.c **** {
  74:Core/Src/main.c ****   /* USER CODE BEGIN 1 */
  75:Core/Src/main.c **** 
  76:Core/Src/main.c ****   /* USER CODE END 1 */
  77:Core/Src/main.c **** 
  78:Core/Src/main.c ****   /* MCU Configuration--------------------------------------------------------*/
  79:Core/Src/main.c **** 
  80:Core/Src/main.c ****   /* Reset of all peripherals, Initializes the Flash interface and the Systick. */
  81:Core/Src/main.c ****   HAL_Init();
  82:Core/Src/main.c **** 
  83:Core/Src/main.c ****   /* USER CODE BEGIN Init */
  84:Core/Src/main.c **** 
  85:Core/Src/main.c ****   /* USER CODE END Init */
  86:Core/Src/main.c **** 
  87:Core/Src/main.c ****   /* Configure the system clock */
  88:Core/Src/main.c ****   SystemClock_Config();
ARM GAS  C:\Users\cy023\AppData\Local\Temp\ccERCq3K.s 			page 3


  89:Core/Src/main.c **** 
  90:Core/Src/main.c ****   /* USER CODE BEGIN SysInit */
  91:Core/Src/main.c **** 
  92:Core/Src/main.c ****   /* USER CODE END SysInit */
  93:Core/Src/main.c **** 
  94:Core/Src/main.c ****   /* Initialize all configured peripherals */
  95:Core/Src/main.c ****   MX_GPIO_Init();
  96:Core/Src/main.c ****   MX_DMA_Init();
  97:Core/Src/main.c ****   MX_I2C1_Init();
  98:Core/Src/main.c ****   MX_I2S3_Init();
  99:Core/Src/main.c ****   MX_USB_DEVICE_Init();
 100:Core/Src/main.c ****   /* USER CODE BEGIN 2 */
 101:Core/Src/main.c **** 
 102:Core/Src/main.c ****   /* USER CODE END 2 */
 103:Core/Src/main.c **** 
 104:Core/Src/main.c ****   /* Infinite loop */
 105:Core/Src/main.c ****   /* USER CODE BEGIN WHILE */
 106:Core/Src/main.c ****   while (1)
 107:Core/Src/main.c ****   {
 108:Core/Src/main.c ****     /* USER CODE END WHILE */
 109:Core/Src/main.c ****     HAL_GPIO_TogglePin(GPIOD, GPIO_PIN_12);
 110:Core/Src/main.c ****     HAL_Delay(100);
 111:Core/Src/main.c ****     HAL_GPIO_TogglePin(GPIOD, GPIO_PIN_12);
 112:Core/Src/main.c ****     HAL_GPIO_TogglePin(GPIOD, GPIO_PIN_13);
 113:Core/Src/main.c ****     HAL_Delay(100);
 114:Core/Src/main.c ****     HAL_GPIO_TogglePin(GPIOD, GPIO_PIN_13);
 115:Core/Src/main.c ****     HAL_GPIO_TogglePin(GPIOD, GPIO_PIN_14);
 116:Core/Src/main.c ****     HAL_Delay(100);
 117:Core/Src/main.c ****     HAL_GPIO_TogglePin(GPIOD, GPIO_PIN_14);
 118:Core/Src/main.c ****     HAL_GPIO_TogglePin(GPIOD, GPIO_PIN_15);
 119:Core/Src/main.c ****     HAL_Delay(100);
 120:Core/Src/main.c ****     HAL_GPIO_TogglePin(GPIOD, GPIO_PIN_15);
 121:Core/Src/main.c ****     /* USER CODE BEGIN 3 */
 122:Core/Src/main.c ****   }
 123:Core/Src/main.c ****   /* USER CODE END 3 */
 124:Core/Src/main.c **** }
 125:Core/Src/main.c **** 
 126:Core/Src/main.c **** /**
 127:Core/Src/main.c ****   * @brief System Clock Configuration
 128:Core/Src/main.c ****   * @retval None
 129:Core/Src/main.c ****   */
 130:Core/Src/main.c **** void SystemClock_Config(void)
 131:Core/Src/main.c **** {
 132:Core/Src/main.c ****   RCC_OscInitTypeDef RCC_OscInitStruct = {0};
 133:Core/Src/main.c ****   RCC_ClkInitTypeDef RCC_ClkInitStruct = {0};
 134:Core/Src/main.c ****   RCC_PeriphCLKInitTypeDef PeriphClkInitStruct = {0};
 135:Core/Src/main.c **** 
 136:Core/Src/main.c ****   /** Configure the main internal regulator output voltage
 137:Core/Src/main.c ****   */
 138:Core/Src/main.c ****   __HAL_RCC_PWR_CLK_ENABLE();
 139:Core/Src/main.c ****   __HAL_PWR_VOLTAGESCALING_CONFIG(PWR_REGULATOR_VOLTAGE_SCALE1);
 140:Core/Src/main.c ****   /** Initializes the RCC Oscillators according to the specified parameters
 141:Core/Src/main.c ****   * in the RCC_OscInitTypeDef structure.
 142:Core/Src/main.c ****   */
 143:Core/Src/main.c ****   RCC_OscInitStruct.OscillatorType = RCC_OSCILLATORTYPE_HSE;
 144:Core/Src/main.c ****   RCC_OscInitStruct.HSEState = RCC_HSE_ON;
 145:Core/Src/main.c ****   RCC_OscInitStruct.PLL.PLLState = RCC_PLL_ON;
ARM GAS  C:\Users\cy023\AppData\Local\Temp\ccERCq3K.s 			page 4


 146:Core/Src/main.c ****   RCC_OscInitStruct.PLL.PLLSource = RCC_PLLSOURCE_HSE;
 147:Core/Src/main.c ****   RCC_OscInitStruct.PLL.PLLM = 8;
 148:Core/Src/main.c ****   RCC_OscInitStruct.PLL.PLLN = 336;
 149:Core/Src/main.c ****   RCC_OscInitStruct.PLL.PLLP = RCC_PLLP_DIV2;
 150:Core/Src/main.c ****   RCC_OscInitStruct.PLL.PLLQ = 7;
 151:Core/Src/main.c ****   if (HAL_RCC_OscConfig(&RCC_OscInitStruct) != HAL_OK)
 152:Core/Src/main.c ****   {
 153:Core/Src/main.c ****     Error_Handler();
 154:Core/Src/main.c ****   }
 155:Core/Src/main.c ****   /** Initializes the CPU, AHB and APB buses clocks
 156:Core/Src/main.c ****   */
 157:Core/Src/main.c ****   RCC_ClkInitStruct.ClockType = RCC_CLOCKTYPE_HCLK|RCC_CLOCKTYPE_SYSCLK
 158:Core/Src/main.c ****                               |RCC_CLOCKTYPE_PCLK1|RCC_CLOCKTYPE_PCLK2;
 159:Core/Src/main.c ****   RCC_ClkInitStruct.SYSCLKSource = RCC_SYSCLKSOURCE_PLLCLK;
 160:Core/Src/main.c ****   RCC_ClkInitStruct.AHBCLKDivider = RCC_SYSCLK_DIV1;
 161:Core/Src/main.c ****   RCC_ClkInitStruct.APB1CLKDivider = RCC_HCLK_DIV4;
 162:Core/Src/main.c ****   RCC_ClkInitStruct.APB2CLKDivider = RCC_HCLK_DIV2;
 163:Core/Src/main.c **** 
 164:Core/Src/main.c ****   if (HAL_RCC_ClockConfig(&RCC_ClkInitStruct, FLASH_LATENCY_5) != HAL_OK)
 165:Core/Src/main.c ****   {
 166:Core/Src/main.c ****     Error_Handler();
 167:Core/Src/main.c ****   }
 168:Core/Src/main.c ****   PeriphClkInitStruct.PeriphClockSelection = RCC_PERIPHCLK_I2S;
 169:Core/Src/main.c ****   PeriphClkInitStruct.PLLI2S.PLLI2SN = 192;
 170:Core/Src/main.c ****   PeriphClkInitStruct.PLLI2S.PLLI2SR = 2;
 171:Core/Src/main.c ****   if (HAL_RCCEx_PeriphCLKConfig(&PeriphClkInitStruct) != HAL_OK)
 172:Core/Src/main.c ****   {
 173:Core/Src/main.c ****     Error_Handler();
 174:Core/Src/main.c ****   }
 175:Core/Src/main.c **** }
 176:Core/Src/main.c **** 
 177:Core/Src/main.c **** /**
 178:Core/Src/main.c ****   * @brief I2C1 Initialization Function
 179:Core/Src/main.c ****   * @param None
 180:Core/Src/main.c ****   * @retval None
 181:Core/Src/main.c ****   */
 182:Core/Src/main.c **** static void MX_I2C1_Init(void)
 183:Core/Src/main.c **** {
 184:Core/Src/main.c **** 
 185:Core/Src/main.c ****   /* USER CODE BEGIN I2C1_Init 0 */
 186:Core/Src/main.c **** 
 187:Core/Src/main.c ****   /* USER CODE END I2C1_Init 0 */
 188:Core/Src/main.c **** 
 189:Core/Src/main.c ****   /* USER CODE BEGIN I2C1_Init 1 */
 190:Core/Src/main.c **** 
 191:Core/Src/main.c ****   /* USER CODE END I2C1_Init 1 */
 192:Core/Src/main.c ****   hi2c1.Instance = I2C1;
 193:Core/Src/main.c ****   hi2c1.Init.ClockSpeed = 100000;
 194:Core/Src/main.c ****   hi2c1.Init.DutyCycle = I2C_DUTYCYCLE_2;
 195:Core/Src/main.c ****   hi2c1.Init.OwnAddress1 = 0;
 196:Core/Src/main.c ****   hi2c1.Init.AddressingMode = I2C_ADDRESSINGMODE_7BIT;
 197:Core/Src/main.c ****   hi2c1.Init.DualAddressMode = I2C_DUALADDRESS_DISABLE;
 198:Core/Src/main.c ****   hi2c1.Init.OwnAddress2 = 0;
 199:Core/Src/main.c ****   hi2c1.Init.GeneralCallMode = I2C_GENERALCALL_DISABLE;
 200:Core/Src/main.c ****   hi2c1.Init.NoStretchMode = I2C_NOSTRETCH_DISABLE;
 201:Core/Src/main.c ****   if (HAL_I2C_Init(&hi2c1) != HAL_OK)
 202:Core/Src/main.c ****   {
ARM GAS  C:\Users\cy023\AppData\Local\Temp\ccERCq3K.s 			page 5


 203:Core/Src/main.c ****     Error_Handler();
 204:Core/Src/main.c ****   }
 205:Core/Src/main.c ****   /* USER CODE BEGIN I2C1_Init 2 */
 206:Core/Src/main.c **** 
 207:Core/Src/main.c ****   /* USER CODE END I2C1_Init 2 */
 208:Core/Src/main.c **** 
 209:Core/Src/main.c **** }
 210:Core/Src/main.c **** 
 211:Core/Src/main.c **** /**
 212:Core/Src/main.c ****   * @brief I2S3 Initialization Function
 213:Core/Src/main.c ****   * @param None
 214:Core/Src/main.c ****   * @retval None
 215:Core/Src/main.c ****   */
 216:Core/Src/main.c **** static void MX_I2S3_Init(void)
 217:Core/Src/main.c **** {
 218:Core/Src/main.c **** 
 219:Core/Src/main.c ****   /* USER CODE BEGIN I2S3_Init 0 */
 220:Core/Src/main.c **** 
 221:Core/Src/main.c ****   /* USER CODE END I2S3_Init 0 */
 222:Core/Src/main.c **** 
 223:Core/Src/main.c ****   /* USER CODE BEGIN I2S3_Init 1 */
 224:Core/Src/main.c **** 
 225:Core/Src/main.c ****   /* USER CODE END I2S3_Init 1 */
 226:Core/Src/main.c ****   hi2s3.Instance = SPI3;
 227:Core/Src/main.c ****   hi2s3.Init.Mode = I2S_MODE_MASTER_TX;
 228:Core/Src/main.c ****   hi2s3.Init.Standard = I2S_STANDARD_PHILIPS;
 229:Core/Src/main.c ****   hi2s3.Init.DataFormat = I2S_DATAFORMAT_16B;
 230:Core/Src/main.c ****   hi2s3.Init.MCLKOutput = I2S_MCLKOUTPUT_DISABLE;
 231:Core/Src/main.c ****   hi2s3.Init.AudioFreq = I2S_AUDIOFREQ_48K;
 232:Core/Src/main.c ****   hi2s3.Init.CPOL = I2S_CPOL_LOW;
 233:Core/Src/main.c ****   hi2s3.Init.ClockSource = I2S_CLOCK_PLL;
 234:Core/Src/main.c ****   hi2s3.Init.FullDuplexMode = I2S_FULLDUPLEXMODE_DISABLE;
 235:Core/Src/main.c ****   if (HAL_I2S_Init(&hi2s3) != HAL_OK)
 236:Core/Src/main.c ****   {
 237:Core/Src/main.c ****     Error_Handler();
 238:Core/Src/main.c ****   }
 239:Core/Src/main.c ****   /* USER CODE BEGIN I2S3_Init 2 */
 240:Core/Src/main.c **** 
 241:Core/Src/main.c ****   /* USER CODE END I2S3_Init 2 */
 242:Core/Src/main.c **** 
 243:Core/Src/main.c **** }
 244:Core/Src/main.c **** 
 245:Core/Src/main.c **** /**
 246:Core/Src/main.c ****   * Enable DMA controller clock
 247:Core/Src/main.c ****   */
 248:Core/Src/main.c **** static void MX_DMA_Init(void)
 249:Core/Src/main.c **** {
 250:Core/Src/main.c **** 
 251:Core/Src/main.c ****   /* DMA controller clock enable */
 252:Core/Src/main.c ****   __HAL_RCC_DMA1_CLK_ENABLE();
 253:Core/Src/main.c **** 
 254:Core/Src/main.c ****   /* DMA interrupt init */
 255:Core/Src/main.c ****   /* DMA1_Stream5_IRQn interrupt configuration */
 256:Core/Src/main.c ****   HAL_NVIC_SetPriority(DMA1_Stream5_IRQn, 0, 0);
 257:Core/Src/main.c ****   HAL_NVIC_EnableIRQ(DMA1_Stream5_IRQn);
 258:Core/Src/main.c **** 
 259:Core/Src/main.c **** }
ARM GAS  C:\Users\cy023\AppData\Local\Temp\ccERCq3K.s 			page 6


 260:Core/Src/main.c **** 
 261:Core/Src/main.c **** /**
 262:Core/Src/main.c ****   * @brief GPIO Initialization Function
 263:Core/Src/main.c ****   * @param None
 264:Core/Src/main.c ****   * @retval None
 265:Core/Src/main.c ****   */
 266:Core/Src/main.c **** static void MX_GPIO_Init(void)
 267:Core/Src/main.c **** {
  28              		.loc 1 267 1 view -0
  29              		.cfi_startproc
  30              		@ args = 0, pretend = 0, frame = 48
  31              		@ frame_needed = 0, uses_anonymous_args = 0
  32 0000 2DE9F047 		push	{r4, r5, r6, r7, r8, r9, r10, lr}
  33              	.LCFI0:
  34              		.cfi_def_cfa_offset 32
  35              		.cfi_offset 4, -32
  36              		.cfi_offset 5, -28
  37              		.cfi_offset 6, -24
  38              		.cfi_offset 7, -20
  39              		.cfi_offset 8, -16
  40              		.cfi_offset 9, -12
  41              		.cfi_offset 10, -8
  42              		.cfi_offset 14, -4
  43 0004 8CB0     		sub	sp, sp, #48
  44              	.LCFI1:
  45              		.cfi_def_cfa_offset 80
 268:Core/Src/main.c ****   GPIO_InitTypeDef GPIO_InitStruct = {0};
  46              		.loc 1 268 3 view .LVU1
  47              		.loc 1 268 20 is_stmt 0 view .LVU2
  48 0006 0024     		movs	r4, #0
  49 0008 0794     		str	r4, [sp, #28]
  50 000a 0894     		str	r4, [sp, #32]
  51 000c 0994     		str	r4, [sp, #36]
  52 000e 0A94     		str	r4, [sp, #40]
  53 0010 0B94     		str	r4, [sp, #44]
 269:Core/Src/main.c **** 
 270:Core/Src/main.c ****   /* GPIO Ports Clock Enable */
 271:Core/Src/main.c ****   __HAL_RCC_GPIOE_CLK_ENABLE();
  54              		.loc 1 271 3 is_stmt 1 view .LVU3
  55              	.LBB4:
  56              		.loc 1 271 3 view .LVU4
  57 0012 0194     		str	r4, [sp, #4]
  58              		.loc 1 271 3 view .LVU5
  59 0014 5B4B     		ldr	r3, .L3
  60 0016 1A6B     		ldr	r2, [r3, #48]
  61 0018 42F01002 		orr	r2, r2, #16
  62 001c 1A63     		str	r2, [r3, #48]
  63              		.loc 1 271 3 view .LVU6
  64 001e 1A6B     		ldr	r2, [r3, #48]
  65 0020 02F01002 		and	r2, r2, #16
  66 0024 0192     		str	r2, [sp, #4]
  67              		.loc 1 271 3 view .LVU7
  68 0026 019A     		ldr	r2, [sp, #4]
  69              	.LBE4:
  70              		.loc 1 271 3 view .LVU8
 272:Core/Src/main.c ****   __HAL_RCC_GPIOC_CLK_ENABLE();
  71              		.loc 1 272 3 view .LVU9
ARM GAS  C:\Users\cy023\AppData\Local\Temp\ccERCq3K.s 			page 7


  72              	.LBB5:
  73              		.loc 1 272 3 view .LVU10
  74 0028 0294     		str	r4, [sp, #8]
  75              		.loc 1 272 3 view .LVU11
  76 002a 1A6B     		ldr	r2, [r3, #48]
  77 002c 42F00402 		orr	r2, r2, #4
  78 0030 1A63     		str	r2, [r3, #48]
  79              		.loc 1 272 3 view .LVU12
  80 0032 1A6B     		ldr	r2, [r3, #48]
  81 0034 02F00402 		and	r2, r2, #4
  82 0038 0292     		str	r2, [sp, #8]
  83              		.loc 1 272 3 view .LVU13
  84 003a 029A     		ldr	r2, [sp, #8]
  85              	.LBE5:
  86              		.loc 1 272 3 view .LVU14
 273:Core/Src/main.c ****   __HAL_RCC_GPIOH_CLK_ENABLE();
  87              		.loc 1 273 3 view .LVU15
  88              	.LBB6:
  89              		.loc 1 273 3 view .LVU16
  90 003c 0394     		str	r4, [sp, #12]
  91              		.loc 1 273 3 view .LVU17
  92 003e 1A6B     		ldr	r2, [r3, #48]
  93 0040 42F08002 		orr	r2, r2, #128
  94 0044 1A63     		str	r2, [r3, #48]
  95              		.loc 1 273 3 view .LVU18
  96 0046 1A6B     		ldr	r2, [r3, #48]
  97 0048 02F08002 		and	r2, r2, #128
  98 004c 0392     		str	r2, [sp, #12]
  99              		.loc 1 273 3 view .LVU19
 100 004e 039A     		ldr	r2, [sp, #12]
 101              	.LBE6:
 102              		.loc 1 273 3 view .LVU20
 274:Core/Src/main.c ****   __HAL_RCC_GPIOA_CLK_ENABLE();
 103              		.loc 1 274 3 view .LVU21
 104              	.LBB7:
 105              		.loc 1 274 3 view .LVU22
 106 0050 0494     		str	r4, [sp, #16]
 107              		.loc 1 274 3 view .LVU23
 108 0052 1A6B     		ldr	r2, [r3, #48]
 109 0054 42F00102 		orr	r2, r2, #1
 110 0058 1A63     		str	r2, [r3, #48]
 111              		.loc 1 274 3 view .LVU24
 112 005a 1A6B     		ldr	r2, [r3, #48]
 113 005c 02F00102 		and	r2, r2, #1
 114 0060 0492     		str	r2, [sp, #16]
 115              		.loc 1 274 3 view .LVU25
 116 0062 049A     		ldr	r2, [sp, #16]
 117              	.LBE7:
 118              		.loc 1 274 3 view .LVU26
 275:Core/Src/main.c ****   __HAL_RCC_GPIOB_CLK_ENABLE();
 119              		.loc 1 275 3 view .LVU27
 120              	.LBB8:
 121              		.loc 1 275 3 view .LVU28
 122 0064 0594     		str	r4, [sp, #20]
 123              		.loc 1 275 3 view .LVU29
 124 0066 1A6B     		ldr	r2, [r3, #48]
 125 0068 42F00202 		orr	r2, r2, #2
ARM GAS  C:\Users\cy023\AppData\Local\Temp\ccERCq3K.s 			page 8


 126 006c 1A63     		str	r2, [r3, #48]
 127              		.loc 1 275 3 view .LVU30
 128 006e 1A6B     		ldr	r2, [r3, #48]
 129 0070 02F00202 		and	r2, r2, #2
 130 0074 0592     		str	r2, [sp, #20]
 131              		.loc 1 275 3 view .LVU31
 132 0076 059A     		ldr	r2, [sp, #20]
 133              	.LBE8:
 134              		.loc 1 275 3 view .LVU32
 276:Core/Src/main.c ****   __HAL_RCC_GPIOD_CLK_ENABLE();
 135              		.loc 1 276 3 view .LVU33
 136              	.LBB9:
 137              		.loc 1 276 3 view .LVU34
 138 0078 0694     		str	r4, [sp, #24]
 139              		.loc 1 276 3 view .LVU35
 140 007a 1A6B     		ldr	r2, [r3, #48]
 141 007c 42F00802 		orr	r2, r2, #8
 142 0080 1A63     		str	r2, [r3, #48]
 143              		.loc 1 276 3 view .LVU36
 144 0082 1B6B     		ldr	r3, [r3, #48]
 145 0084 03F00803 		and	r3, r3, #8
 146 0088 0693     		str	r3, [sp, #24]
 147              		.loc 1 276 3 view .LVU37
 148 008a 069B     		ldr	r3, [sp, #24]
 149              	.LBE9:
 150              		.loc 1 276 3 view .LVU38
 277:Core/Src/main.c **** 
 278:Core/Src/main.c ****   /*Configure GPIO pin Output Level */
 279:Core/Src/main.c ****   HAL_GPIO_WritePin(CS_I2C_SPI_GPIO_Port, CS_I2C_SPI_Pin, GPIO_PIN_RESET);
 151              		.loc 1 279 3 view .LVU39
 152 008c 3E4F     		ldr	r7, .L3+4
 153 008e 2246     		mov	r2, r4
 154 0090 0821     		movs	r1, #8
 155 0092 3846     		mov	r0, r7
 156 0094 FFF7FEFF 		bl	HAL_GPIO_WritePin
 157              	.LVL0:
 280:Core/Src/main.c **** 
 281:Core/Src/main.c ****   /*Configure GPIO pin Output Level */
 282:Core/Src/main.c ****   HAL_GPIO_WritePin(OTG_FS_PowerSwitchOn_GPIO_Port, OTG_FS_PowerSwitchOn_Pin, GPIO_PIN_SET);
 158              		.loc 1 282 3 view .LVU40
 159 0098 DFF8F8A0 		ldr	r10, .L3+16
 160 009c 0122     		movs	r2, #1
 161 009e 1146     		mov	r1, r2
 162 00a0 5046     		mov	r0, r10
 163 00a2 FFF7FEFF 		bl	HAL_GPIO_WritePin
 164              	.LVL1:
 283:Core/Src/main.c **** 
 284:Core/Src/main.c ****   /*Configure GPIO pin Output Level */
 285:Core/Src/main.c ****   HAL_GPIO_WritePin(GPIOD, LD4_Pin|LD3_Pin|LD5_Pin|LD6_Pin
 165              		.loc 1 285 3 view .LVU41
 166 00a6 DFF8F080 		ldr	r8, .L3+20
 167 00aa 2246     		mov	r2, r4
 168 00ac 4FF21001 		movw	r1, #61456
 169 00b0 4046     		mov	r0, r8
 170 00b2 FFF7FEFF 		bl	HAL_GPIO_WritePin
 171              	.LVL2:
 286:Core/Src/main.c ****                           |Audio_RST_Pin, GPIO_PIN_RESET);
ARM GAS  C:\Users\cy023\AppData\Local\Temp\ccERCq3K.s 			page 9


 287:Core/Src/main.c **** 
 288:Core/Src/main.c ****   /*Configure GPIO pin : CS_I2C_SPI_Pin */
 289:Core/Src/main.c ****   GPIO_InitStruct.Pin = CS_I2C_SPI_Pin;
 172              		.loc 1 289 3 view .LVU42
 173              		.loc 1 289 23 is_stmt 0 view .LVU43
 174 00b6 0826     		movs	r6, #8
 175 00b8 0796     		str	r6, [sp, #28]
 290:Core/Src/main.c ****   GPIO_InitStruct.Mode = GPIO_MODE_OUTPUT_PP;
 176              		.loc 1 290 3 is_stmt 1 view .LVU44
 177              		.loc 1 290 24 is_stmt 0 view .LVU45
 178 00ba 0125     		movs	r5, #1
 179 00bc 0895     		str	r5, [sp, #32]
 291:Core/Src/main.c ****   GPIO_InitStruct.Pull = GPIO_NOPULL;
 180              		.loc 1 291 3 is_stmt 1 view .LVU46
 181              		.loc 1 291 24 is_stmt 0 view .LVU47
 182 00be 0994     		str	r4, [sp, #36]
 292:Core/Src/main.c ****   GPIO_InitStruct.Speed = GPIO_SPEED_FREQ_LOW;
 183              		.loc 1 292 3 is_stmt 1 view .LVU48
 184              		.loc 1 292 25 is_stmt 0 view .LVU49
 185 00c0 0A94     		str	r4, [sp, #40]
 293:Core/Src/main.c ****   HAL_GPIO_Init(CS_I2C_SPI_GPIO_Port, &GPIO_InitStruct);
 186              		.loc 1 293 3 is_stmt 1 view .LVU50
 187 00c2 07A9     		add	r1, sp, #28
 188 00c4 3846     		mov	r0, r7
 189 00c6 FFF7FEFF 		bl	HAL_GPIO_Init
 190              	.LVL3:
 294:Core/Src/main.c **** 
 295:Core/Src/main.c ****   /*Configure GPIO pin : OTG_FS_PowerSwitchOn_Pin */
 296:Core/Src/main.c ****   GPIO_InitStruct.Pin = OTG_FS_PowerSwitchOn_Pin;
 191              		.loc 1 296 3 view .LVU51
 192              		.loc 1 296 23 is_stmt 0 view .LVU52
 193 00ca 0795     		str	r5, [sp, #28]
 297:Core/Src/main.c ****   GPIO_InitStruct.Mode = GPIO_MODE_OUTPUT_PP;
 194              		.loc 1 297 3 is_stmt 1 view .LVU53
 195              		.loc 1 297 24 is_stmt 0 view .LVU54
 196 00cc 0895     		str	r5, [sp, #32]
 298:Core/Src/main.c ****   GPIO_InitStruct.Pull = GPIO_NOPULL;
 197              		.loc 1 298 3 is_stmt 1 view .LVU55
 198              		.loc 1 298 24 is_stmt 0 view .LVU56
 199 00ce 0994     		str	r4, [sp, #36]
 299:Core/Src/main.c ****   GPIO_InitStruct.Speed = GPIO_SPEED_FREQ_LOW;
 200              		.loc 1 299 3 is_stmt 1 view .LVU57
 201              		.loc 1 299 25 is_stmt 0 view .LVU58
 202 00d0 0A94     		str	r4, [sp, #40]
 300:Core/Src/main.c ****   HAL_GPIO_Init(OTG_FS_PowerSwitchOn_GPIO_Port, &GPIO_InitStruct);
 203              		.loc 1 300 3 is_stmt 1 view .LVU59
 204 00d2 07A9     		add	r1, sp, #28
 205 00d4 5046     		mov	r0, r10
 206 00d6 FFF7FEFF 		bl	HAL_GPIO_Init
 207              	.LVL4:
 301:Core/Src/main.c **** 
 302:Core/Src/main.c ****   /*Configure GPIO pin : PDM_OUT_Pin */
 303:Core/Src/main.c ****   GPIO_InitStruct.Pin = PDM_OUT_Pin;
 208              		.loc 1 303 3 view .LVU60
 209              		.loc 1 303 23 is_stmt 0 view .LVU61
 210 00da 0796     		str	r6, [sp, #28]
 304:Core/Src/main.c ****   GPIO_InitStruct.Mode = GPIO_MODE_AF_PP;
ARM GAS  C:\Users\cy023\AppData\Local\Temp\ccERCq3K.s 			page 10


 211              		.loc 1 304 3 is_stmt 1 view .LVU62
 212              		.loc 1 304 24 is_stmt 0 view .LVU63
 213 00dc 0226     		movs	r6, #2
 214 00de 0896     		str	r6, [sp, #32]
 305:Core/Src/main.c ****   GPIO_InitStruct.Pull = GPIO_NOPULL;
 215              		.loc 1 305 3 is_stmt 1 view .LVU64
 216              		.loc 1 305 24 is_stmt 0 view .LVU65
 217 00e0 0994     		str	r4, [sp, #36]
 306:Core/Src/main.c ****   GPIO_InitStruct.Speed = GPIO_SPEED_FREQ_LOW;
 218              		.loc 1 306 3 is_stmt 1 view .LVU66
 219              		.loc 1 306 25 is_stmt 0 view .LVU67
 220 00e2 0A94     		str	r4, [sp, #40]
 307:Core/Src/main.c ****   GPIO_InitStruct.Alternate = GPIO_AF5_SPI2;
 221              		.loc 1 307 3 is_stmt 1 view .LVU68
 222              		.loc 1 307 29 is_stmt 0 view .LVU69
 223 00e4 4FF00509 		mov	r9, #5
 224 00e8 CDF82C90 		str	r9, [sp, #44]
 308:Core/Src/main.c ****   HAL_GPIO_Init(PDM_OUT_GPIO_Port, &GPIO_InitStruct);
 225              		.loc 1 308 3 is_stmt 1 view .LVU70
 226 00ec 07A9     		add	r1, sp, #28
 227 00ee 5046     		mov	r0, r10
 228 00f0 FFF7FEFF 		bl	HAL_GPIO_Init
 229              	.LVL5:
 309:Core/Src/main.c **** 
 310:Core/Src/main.c ****   /*Configure GPIO pin : B1_Pin */
 311:Core/Src/main.c ****   GPIO_InitStruct.Pin = B1_Pin;
 230              		.loc 1 311 3 view .LVU71
 231              		.loc 1 311 23 is_stmt 0 view .LVU72
 232 00f4 0795     		str	r5, [sp, #28]
 312:Core/Src/main.c ****   GPIO_InitStruct.Mode = GPIO_MODE_IT_RISING;
 233              		.loc 1 312 3 is_stmt 1 view .LVU73
 234              		.loc 1 312 24 is_stmt 0 view .LVU74
 235 00f6 254B     		ldr	r3, .L3+8
 236 00f8 0893     		str	r3, [sp, #32]
 313:Core/Src/main.c ****   GPIO_InitStruct.Pull = GPIO_NOPULL;
 237              		.loc 1 313 3 is_stmt 1 view .LVU75
 238              		.loc 1 313 24 is_stmt 0 view .LVU76
 239 00fa 0994     		str	r4, [sp, #36]
 314:Core/Src/main.c ****   HAL_GPIO_Init(B1_GPIO_Port, &GPIO_InitStruct);
 240              		.loc 1 314 3 is_stmt 1 view .LVU77
 241 00fc AAF5006A 		sub	r10, r10, #2048
 242 0100 07A9     		add	r1, sp, #28
 243 0102 5046     		mov	r0, r10
 244 0104 FFF7FEFF 		bl	HAL_GPIO_Init
 245              	.LVL6:
 315:Core/Src/main.c **** 
 316:Core/Src/main.c ****   /*Configure GPIO pins : SPI1_SCK_Pin SPI1_MISO_Pin SPI1_MOSI_Pin */
 317:Core/Src/main.c ****   GPIO_InitStruct.Pin = SPI1_SCK_Pin|SPI1_MISO_Pin|SPI1_MOSI_Pin;
 246              		.loc 1 317 3 view .LVU78
 247              		.loc 1 317 23 is_stmt 0 view .LVU79
 248 0108 E023     		movs	r3, #224
 249 010a 0793     		str	r3, [sp, #28]
 318:Core/Src/main.c ****   GPIO_InitStruct.Mode = GPIO_MODE_AF_PP;
 250              		.loc 1 318 3 is_stmt 1 view .LVU80
 251              		.loc 1 318 24 is_stmt 0 view .LVU81
 252 010c 0896     		str	r6, [sp, #32]
 319:Core/Src/main.c ****   GPIO_InitStruct.Pull = GPIO_NOPULL;
ARM GAS  C:\Users\cy023\AppData\Local\Temp\ccERCq3K.s 			page 11


 253              		.loc 1 319 3 is_stmt 1 view .LVU82
 254              		.loc 1 319 24 is_stmt 0 view .LVU83
 255 010e 0994     		str	r4, [sp, #36]
 320:Core/Src/main.c ****   GPIO_InitStruct.Speed = GPIO_SPEED_FREQ_LOW;
 256              		.loc 1 320 3 is_stmt 1 view .LVU84
 257              		.loc 1 320 25 is_stmt 0 view .LVU85
 258 0110 0A94     		str	r4, [sp, #40]
 321:Core/Src/main.c ****   GPIO_InitStruct.Alternate = GPIO_AF5_SPI1;
 259              		.loc 1 321 3 is_stmt 1 view .LVU86
 260              		.loc 1 321 29 is_stmt 0 view .LVU87
 261 0112 CDF82C90 		str	r9, [sp, #44]
 322:Core/Src/main.c ****   HAL_GPIO_Init(GPIOA, &GPIO_InitStruct);
 262              		.loc 1 322 3 is_stmt 1 view .LVU88
 263 0116 07A9     		add	r1, sp, #28
 264 0118 5046     		mov	r0, r10
 265 011a FFF7FEFF 		bl	HAL_GPIO_Init
 266              	.LVL7:
 323:Core/Src/main.c **** 
 324:Core/Src/main.c ****   /*Configure GPIO pin : BOOT1_Pin */
 325:Core/Src/main.c ****   GPIO_InitStruct.Pin = BOOT1_Pin;
 267              		.loc 1 325 3 view .LVU89
 268              		.loc 1 325 23 is_stmt 0 view .LVU90
 269 011e 0423     		movs	r3, #4
 270 0120 0793     		str	r3, [sp, #28]
 326:Core/Src/main.c ****   GPIO_InitStruct.Mode = GPIO_MODE_INPUT;
 271              		.loc 1 326 3 is_stmt 1 view .LVU91
 272              		.loc 1 326 24 is_stmt 0 view .LVU92
 273 0122 0894     		str	r4, [sp, #32]
 327:Core/Src/main.c ****   GPIO_InitStruct.Pull = GPIO_NOPULL;
 274              		.loc 1 327 3 is_stmt 1 view .LVU93
 275              		.loc 1 327 24 is_stmt 0 view .LVU94
 276 0124 0994     		str	r4, [sp, #36]
 328:Core/Src/main.c ****   HAL_GPIO_Init(BOOT1_GPIO_Port, &GPIO_InitStruct);
 277              		.loc 1 328 3 is_stmt 1 view .LVU95
 278 0126 0AF5806A 		add	r10, r10, #1024
 279 012a 07A9     		add	r1, sp, #28
 280 012c 5046     		mov	r0, r10
 281 012e FFF7FEFF 		bl	HAL_GPIO_Init
 282              	.LVL8:
 329:Core/Src/main.c **** 
 330:Core/Src/main.c ****   /*Configure GPIO pin : CLK_IN_Pin */
 331:Core/Src/main.c ****   GPIO_InitStruct.Pin = CLK_IN_Pin;
 283              		.loc 1 331 3 view .LVU96
 284              		.loc 1 331 23 is_stmt 0 view .LVU97
 285 0132 4FF48063 		mov	r3, #1024
 286 0136 0793     		str	r3, [sp, #28]
 332:Core/Src/main.c ****   GPIO_InitStruct.Mode = GPIO_MODE_AF_PP;
 287              		.loc 1 332 3 is_stmt 1 view .LVU98
 288              		.loc 1 332 24 is_stmt 0 view .LVU99
 289 0138 0896     		str	r6, [sp, #32]
 333:Core/Src/main.c ****   GPIO_InitStruct.Pull = GPIO_NOPULL;
 290              		.loc 1 333 3 is_stmt 1 view .LVU100
 291              		.loc 1 333 24 is_stmt 0 view .LVU101
 292 013a 0994     		str	r4, [sp, #36]
 334:Core/Src/main.c ****   GPIO_InitStruct.Speed = GPIO_SPEED_FREQ_LOW;
 293              		.loc 1 334 3 is_stmt 1 view .LVU102
 294              		.loc 1 334 25 is_stmt 0 view .LVU103
ARM GAS  C:\Users\cy023\AppData\Local\Temp\ccERCq3K.s 			page 12


 295 013c 0A94     		str	r4, [sp, #40]
 335:Core/Src/main.c ****   GPIO_InitStruct.Alternate = GPIO_AF5_SPI2;
 296              		.loc 1 335 3 is_stmt 1 view .LVU104
 297              		.loc 1 335 29 is_stmt 0 view .LVU105
 298 013e CDF82C90 		str	r9, [sp, #44]
 336:Core/Src/main.c ****   HAL_GPIO_Init(CLK_IN_GPIO_Port, &GPIO_InitStruct);
 299              		.loc 1 336 3 is_stmt 1 view .LVU106
 300 0142 07A9     		add	r1, sp, #28
 301 0144 5046     		mov	r0, r10
 302 0146 FFF7FEFF 		bl	HAL_GPIO_Init
 303              	.LVL9:
 337:Core/Src/main.c **** 
 338:Core/Src/main.c ****   /*Configure GPIO pins : LD4_Pin LD3_Pin LD5_Pin LD6_Pin
 339:Core/Src/main.c ****                            Audio_RST_Pin */
 340:Core/Src/main.c ****   GPIO_InitStruct.Pin = LD4_Pin|LD3_Pin|LD5_Pin|LD6_Pin
 304              		.loc 1 340 3 view .LVU107
 305              		.loc 1 340 23 is_stmt 0 view .LVU108
 306 014a 4FF21003 		movw	r3, #61456
 307 014e 0793     		str	r3, [sp, #28]
 341:Core/Src/main.c ****                           |Audio_RST_Pin;
 342:Core/Src/main.c ****   GPIO_InitStruct.Mode = GPIO_MODE_OUTPUT_PP;
 308              		.loc 1 342 3 is_stmt 1 view .LVU109
 309              		.loc 1 342 24 is_stmt 0 view .LVU110
 310 0150 0895     		str	r5, [sp, #32]
 343:Core/Src/main.c ****   GPIO_InitStruct.Pull = GPIO_NOPULL;
 311              		.loc 1 343 3 is_stmt 1 view .LVU111
 312              		.loc 1 343 24 is_stmt 0 view .LVU112
 313 0152 0994     		str	r4, [sp, #36]
 344:Core/Src/main.c ****   GPIO_InitStruct.Speed = GPIO_SPEED_FREQ_LOW;
 314              		.loc 1 344 3 is_stmt 1 view .LVU113
 315              		.loc 1 344 25 is_stmt 0 view .LVU114
 316 0154 0A94     		str	r4, [sp, #40]
 345:Core/Src/main.c ****   HAL_GPIO_Init(GPIOD, &GPIO_InitStruct);
 317              		.loc 1 345 3 is_stmt 1 view .LVU115
 318 0156 07A9     		add	r1, sp, #28
 319 0158 4046     		mov	r0, r8
 320 015a FFF7FEFF 		bl	HAL_GPIO_Init
 321              	.LVL10:
 346:Core/Src/main.c **** 
 347:Core/Src/main.c ****   /*Configure GPIO pin : OTG_FS_OverCurrent_Pin */
 348:Core/Src/main.c ****   GPIO_InitStruct.Pin = OTG_FS_OverCurrent_Pin;
 322              		.loc 1 348 3 view .LVU116
 323              		.loc 1 348 23 is_stmt 0 view .LVU117
 324 015e 2023     		movs	r3, #32
 325 0160 0793     		str	r3, [sp, #28]
 349:Core/Src/main.c ****   GPIO_InitStruct.Mode = GPIO_MODE_INPUT;
 326              		.loc 1 349 3 is_stmt 1 view .LVU118
 327              		.loc 1 349 24 is_stmt 0 view .LVU119
 328 0162 0894     		str	r4, [sp, #32]
 350:Core/Src/main.c ****   GPIO_InitStruct.Pull = GPIO_NOPULL;
 329              		.loc 1 350 3 is_stmt 1 view .LVU120
 330              		.loc 1 350 24 is_stmt 0 view .LVU121
 331 0164 0994     		str	r4, [sp, #36]
 351:Core/Src/main.c ****   HAL_GPIO_Init(OTG_FS_OverCurrent_GPIO_Port, &GPIO_InitStruct);
 332              		.loc 1 351 3 is_stmt 1 view .LVU122
 333 0166 07A9     		add	r1, sp, #28
 334 0168 4046     		mov	r0, r8
ARM GAS  C:\Users\cy023\AppData\Local\Temp\ccERCq3K.s 			page 13


 335 016a FFF7FEFF 		bl	HAL_GPIO_Init
 336              	.LVL11:
 352:Core/Src/main.c **** 
 353:Core/Src/main.c ****   /*Configure GPIO pin : MEMS_INT2_Pin */
 354:Core/Src/main.c ****   GPIO_InitStruct.Pin = MEMS_INT2_Pin;
 337              		.loc 1 354 3 view .LVU123
 338              		.loc 1 354 23 is_stmt 0 view .LVU124
 339 016e 0796     		str	r6, [sp, #28]
 355:Core/Src/main.c ****   GPIO_InitStruct.Mode = GPIO_MODE_EVT_RISING;
 340              		.loc 1 355 3 is_stmt 1 view .LVU125
 341              		.loc 1 355 24 is_stmt 0 view .LVU126
 342 0170 074B     		ldr	r3, .L3+12
 343 0172 0893     		str	r3, [sp, #32]
 356:Core/Src/main.c ****   GPIO_InitStruct.Pull = GPIO_NOPULL;
 344              		.loc 1 356 3 is_stmt 1 view .LVU127
 345              		.loc 1 356 24 is_stmt 0 view .LVU128
 346 0174 0994     		str	r4, [sp, #36]
 357:Core/Src/main.c ****   HAL_GPIO_Init(MEMS_INT2_GPIO_Port, &GPIO_InitStruct);
 347              		.loc 1 357 3 is_stmt 1 view .LVU129
 348 0176 07A9     		add	r1, sp, #28
 349 0178 3846     		mov	r0, r7
 350 017a FFF7FEFF 		bl	HAL_GPIO_Init
 351              	.LVL12:
 358:Core/Src/main.c **** 
 359:Core/Src/main.c **** }
 352              		.loc 1 359 1 is_stmt 0 view .LVU130
 353 017e 0CB0     		add	sp, sp, #48
 354              	.LCFI2:
 355              		.cfi_def_cfa_offset 32
 356              		@ sp needed
 357 0180 BDE8F087 		pop	{r4, r5, r6, r7, r8, r9, r10, pc}
 358              	.L4:
 359              		.align	2
 360              	.L3:
 361 0184 00380240 		.word	1073887232
 362 0188 00100240 		.word	1073876992
 363 018c 00001110 		.word	269549568
 364 0190 00001210 		.word	269615104
 365 0194 00080240 		.word	1073874944
 366 0198 000C0240 		.word	1073875968
 367              		.cfi_endproc
 368              	.LFE139:
 370              		.section	.text.MX_DMA_Init,"ax",%progbits
 371              		.align	1
 372              		.syntax unified
 373              		.thumb
 374              		.thumb_func
 375              		.fpu fpv4-sp-d16
 377              	MX_DMA_Init:
 378              	.LFB138:
 249:Core/Src/main.c **** 
 379              		.loc 1 249 1 is_stmt 1 view -0
 380              		.cfi_startproc
 381              		@ args = 0, pretend = 0, frame = 8
 382              		@ frame_needed = 0, uses_anonymous_args = 0
 383 0000 00B5     		push	{lr}
 384              	.LCFI3:
ARM GAS  C:\Users\cy023\AppData\Local\Temp\ccERCq3K.s 			page 14


 385              		.cfi_def_cfa_offset 4
 386              		.cfi_offset 14, -4
 387 0002 83B0     		sub	sp, sp, #12
 388              	.LCFI4:
 389              		.cfi_def_cfa_offset 16
 252:Core/Src/main.c **** 
 390              		.loc 1 252 3 view .LVU132
 391              	.LBB10:
 252:Core/Src/main.c **** 
 392              		.loc 1 252 3 view .LVU133
 393 0004 0021     		movs	r1, #0
 394 0006 0191     		str	r1, [sp, #4]
 252:Core/Src/main.c **** 
 395              		.loc 1 252 3 view .LVU134
 396 0008 094B     		ldr	r3, .L7
 397 000a 1A6B     		ldr	r2, [r3, #48]
 398 000c 42F40012 		orr	r2, r2, #2097152
 399 0010 1A63     		str	r2, [r3, #48]
 252:Core/Src/main.c **** 
 400              		.loc 1 252 3 view .LVU135
 401 0012 1B6B     		ldr	r3, [r3, #48]
 402 0014 03F40013 		and	r3, r3, #2097152
 403 0018 0193     		str	r3, [sp, #4]
 252:Core/Src/main.c **** 
 404              		.loc 1 252 3 view .LVU136
 405 001a 019B     		ldr	r3, [sp, #4]
 406              	.LBE10:
 252:Core/Src/main.c **** 
 407              		.loc 1 252 3 view .LVU137
 256:Core/Src/main.c ****   HAL_NVIC_EnableIRQ(DMA1_Stream5_IRQn);
 408              		.loc 1 256 3 view .LVU138
 409 001c 0A46     		mov	r2, r1
 410 001e 1020     		movs	r0, #16
 411 0020 FFF7FEFF 		bl	HAL_NVIC_SetPriority
 412              	.LVL13:
 257:Core/Src/main.c **** 
 413              		.loc 1 257 3 view .LVU139
 414 0024 1020     		movs	r0, #16
 415 0026 FFF7FEFF 		bl	HAL_NVIC_EnableIRQ
 416              	.LVL14:
 259:Core/Src/main.c **** 
 417              		.loc 1 259 1 is_stmt 0 view .LVU140
 418 002a 03B0     		add	sp, sp, #12
 419              	.LCFI5:
 420              		.cfi_def_cfa_offset 4
 421              		@ sp needed
 422 002c 5DF804FB 		ldr	pc, [sp], #4
 423              	.L8:
 424              		.align	2
 425              	.L7:
 426 0030 00380240 		.word	1073887232
 427              		.cfi_endproc
 428              	.LFE138:
 430              		.section	.text.Error_Handler,"ax",%progbits
 431              		.align	1
 432              		.global	Error_Handler
 433              		.syntax unified
ARM GAS  C:\Users\cy023\AppData\Local\Temp\ccERCq3K.s 			page 15


 434              		.thumb
 435              		.thumb_func
 436              		.fpu fpv4-sp-d16
 438              	Error_Handler:
 439              	.LFB140:
 360:Core/Src/main.c **** 
 361:Core/Src/main.c **** /* USER CODE BEGIN 4 */
 362:Core/Src/main.c **** 
 363:Core/Src/main.c **** /* USER CODE END 4 */
 364:Core/Src/main.c **** 
 365:Core/Src/main.c **** /**
 366:Core/Src/main.c ****   * @brief  This function is executed in case of error occurrence.
 367:Core/Src/main.c ****   * @retval None
 368:Core/Src/main.c ****   */
 369:Core/Src/main.c **** void Error_Handler(void)
 370:Core/Src/main.c **** {
 440              		.loc 1 370 1 is_stmt 1 view -0
 441              		.cfi_startproc
 442              		@ Volatile: function does not return.
 443              		@ args = 0, pretend = 0, frame = 0
 444              		@ frame_needed = 0, uses_anonymous_args = 0
 445              		@ link register save eliminated.
 371:Core/Src/main.c ****   /* USER CODE BEGIN Error_Handler_Debug */
 372:Core/Src/main.c ****   /* User can add his own implementation to report the HAL error return state */
 373:Core/Src/main.c ****   __disable_irq();
 446              		.loc 1 373 3 view .LVU142
 447              	.LBB11:
 448              	.LBI11:
 449              		.file 2 "Drivers/CMSIS/Include/cmsis_gcc.h"
   1:Drivers/CMSIS/Include/cmsis_gcc.h **** /**************************************************************************//**
   2:Drivers/CMSIS/Include/cmsis_gcc.h ****  * @file     cmsis_gcc.h
   3:Drivers/CMSIS/Include/cmsis_gcc.h ****  * @brief    CMSIS compiler GCC header file
   4:Drivers/CMSIS/Include/cmsis_gcc.h ****  * @version  V5.0.4
   5:Drivers/CMSIS/Include/cmsis_gcc.h ****  * @date     09. April 2018
   6:Drivers/CMSIS/Include/cmsis_gcc.h ****  ******************************************************************************/
   7:Drivers/CMSIS/Include/cmsis_gcc.h **** /*
   8:Drivers/CMSIS/Include/cmsis_gcc.h ****  * Copyright (c) 2009-2018 Arm Limited. All rights reserved.
   9:Drivers/CMSIS/Include/cmsis_gcc.h ****  *
  10:Drivers/CMSIS/Include/cmsis_gcc.h ****  * SPDX-License-Identifier: Apache-2.0
  11:Drivers/CMSIS/Include/cmsis_gcc.h ****  *
  12:Drivers/CMSIS/Include/cmsis_gcc.h ****  * Licensed under the Apache License, Version 2.0 (the License); you may
  13:Drivers/CMSIS/Include/cmsis_gcc.h ****  * not use this file except in compliance with the License.
  14:Drivers/CMSIS/Include/cmsis_gcc.h ****  * You may obtain a copy of the License at
  15:Drivers/CMSIS/Include/cmsis_gcc.h ****  *
  16:Drivers/CMSIS/Include/cmsis_gcc.h ****  * www.apache.org/licenses/LICENSE-2.0
  17:Drivers/CMSIS/Include/cmsis_gcc.h ****  *
  18:Drivers/CMSIS/Include/cmsis_gcc.h ****  * Unless required by applicable law or agreed to in writing, software
  19:Drivers/CMSIS/Include/cmsis_gcc.h ****  * distributed under the License is distributed on an AS IS BASIS, WITHOUT
  20:Drivers/CMSIS/Include/cmsis_gcc.h ****  * WARRANTIES OR CONDITIONS OF ANY KIND, either express or implied.
  21:Drivers/CMSIS/Include/cmsis_gcc.h ****  * See the License for the specific language governing permissions and
  22:Drivers/CMSIS/Include/cmsis_gcc.h ****  * limitations under the License.
  23:Drivers/CMSIS/Include/cmsis_gcc.h ****  */
  24:Drivers/CMSIS/Include/cmsis_gcc.h **** 
  25:Drivers/CMSIS/Include/cmsis_gcc.h **** #ifndef __CMSIS_GCC_H
  26:Drivers/CMSIS/Include/cmsis_gcc.h **** #define __CMSIS_GCC_H
  27:Drivers/CMSIS/Include/cmsis_gcc.h **** 
  28:Drivers/CMSIS/Include/cmsis_gcc.h **** /* ignore some GCC warnings */
ARM GAS  C:\Users\cy023\AppData\Local\Temp\ccERCq3K.s 			page 16


  29:Drivers/CMSIS/Include/cmsis_gcc.h **** #pragma GCC diagnostic push
  30:Drivers/CMSIS/Include/cmsis_gcc.h **** #pragma GCC diagnostic ignored "-Wsign-conversion"
  31:Drivers/CMSIS/Include/cmsis_gcc.h **** #pragma GCC diagnostic ignored "-Wconversion"
  32:Drivers/CMSIS/Include/cmsis_gcc.h **** #pragma GCC diagnostic ignored "-Wunused-parameter"
  33:Drivers/CMSIS/Include/cmsis_gcc.h **** 
  34:Drivers/CMSIS/Include/cmsis_gcc.h **** /* Fallback for __has_builtin */
  35:Drivers/CMSIS/Include/cmsis_gcc.h **** #ifndef __has_builtin
  36:Drivers/CMSIS/Include/cmsis_gcc.h ****   #define __has_builtin(x) (0)
  37:Drivers/CMSIS/Include/cmsis_gcc.h **** #endif
  38:Drivers/CMSIS/Include/cmsis_gcc.h **** 
  39:Drivers/CMSIS/Include/cmsis_gcc.h **** /* CMSIS compiler specific defines */
  40:Drivers/CMSIS/Include/cmsis_gcc.h **** #ifndef   __ASM
  41:Drivers/CMSIS/Include/cmsis_gcc.h ****   #define __ASM                                  __asm
  42:Drivers/CMSIS/Include/cmsis_gcc.h **** #endif
  43:Drivers/CMSIS/Include/cmsis_gcc.h **** #ifndef   __INLINE
  44:Drivers/CMSIS/Include/cmsis_gcc.h ****   #define __INLINE                               inline
  45:Drivers/CMSIS/Include/cmsis_gcc.h **** #endif
  46:Drivers/CMSIS/Include/cmsis_gcc.h **** #ifndef   __STATIC_INLINE
  47:Drivers/CMSIS/Include/cmsis_gcc.h ****   #define __STATIC_INLINE                        static inline
  48:Drivers/CMSIS/Include/cmsis_gcc.h **** #endif
  49:Drivers/CMSIS/Include/cmsis_gcc.h **** #ifndef   __STATIC_FORCEINLINE                 
  50:Drivers/CMSIS/Include/cmsis_gcc.h ****   #define __STATIC_FORCEINLINE                   __attribute__((always_inline)) static inline
  51:Drivers/CMSIS/Include/cmsis_gcc.h **** #endif                                           
  52:Drivers/CMSIS/Include/cmsis_gcc.h **** #ifndef   __NO_RETURN
  53:Drivers/CMSIS/Include/cmsis_gcc.h ****   #define __NO_RETURN                            __attribute__((__noreturn__))
  54:Drivers/CMSIS/Include/cmsis_gcc.h **** #endif
  55:Drivers/CMSIS/Include/cmsis_gcc.h **** #ifndef   __USED
  56:Drivers/CMSIS/Include/cmsis_gcc.h ****   #define __USED                                 __attribute__((used))
  57:Drivers/CMSIS/Include/cmsis_gcc.h **** #endif
  58:Drivers/CMSIS/Include/cmsis_gcc.h **** #ifndef   __WEAK
  59:Drivers/CMSIS/Include/cmsis_gcc.h ****   #define __WEAK                                 __attribute__((weak))
  60:Drivers/CMSIS/Include/cmsis_gcc.h **** #endif
  61:Drivers/CMSIS/Include/cmsis_gcc.h **** #ifndef   __PACKED
  62:Drivers/CMSIS/Include/cmsis_gcc.h ****   #define __PACKED                               __attribute__((packed, aligned(1)))
  63:Drivers/CMSIS/Include/cmsis_gcc.h **** #endif
  64:Drivers/CMSIS/Include/cmsis_gcc.h **** #ifndef   __PACKED_STRUCT
  65:Drivers/CMSIS/Include/cmsis_gcc.h ****   #define __PACKED_STRUCT                        struct __attribute__((packed, aligned(1)))
  66:Drivers/CMSIS/Include/cmsis_gcc.h **** #endif
  67:Drivers/CMSIS/Include/cmsis_gcc.h **** #ifndef   __PACKED_UNION
  68:Drivers/CMSIS/Include/cmsis_gcc.h ****   #define __PACKED_UNION                         union __attribute__((packed, aligned(1)))
  69:Drivers/CMSIS/Include/cmsis_gcc.h **** #endif
  70:Drivers/CMSIS/Include/cmsis_gcc.h **** #ifndef   __UNALIGNED_UINT32        /* deprecated */
  71:Drivers/CMSIS/Include/cmsis_gcc.h ****   #pragma GCC diagnostic push
  72:Drivers/CMSIS/Include/cmsis_gcc.h ****   #pragma GCC diagnostic ignored "-Wpacked"
  73:Drivers/CMSIS/Include/cmsis_gcc.h ****   #pragma GCC diagnostic ignored "-Wattributes"
  74:Drivers/CMSIS/Include/cmsis_gcc.h ****   struct __attribute__((packed)) T_UINT32 { uint32_t v; };
  75:Drivers/CMSIS/Include/cmsis_gcc.h ****   #pragma GCC diagnostic pop
  76:Drivers/CMSIS/Include/cmsis_gcc.h ****   #define __UNALIGNED_UINT32(x)                  (((struct T_UINT32 *)(x))->v)
  77:Drivers/CMSIS/Include/cmsis_gcc.h **** #endif
  78:Drivers/CMSIS/Include/cmsis_gcc.h **** #ifndef   __UNALIGNED_UINT16_WRITE
  79:Drivers/CMSIS/Include/cmsis_gcc.h ****   #pragma GCC diagnostic push
  80:Drivers/CMSIS/Include/cmsis_gcc.h ****   #pragma GCC diagnostic ignored "-Wpacked"
  81:Drivers/CMSIS/Include/cmsis_gcc.h ****   #pragma GCC diagnostic ignored "-Wattributes"
  82:Drivers/CMSIS/Include/cmsis_gcc.h ****   __PACKED_STRUCT T_UINT16_WRITE { uint16_t v; };
  83:Drivers/CMSIS/Include/cmsis_gcc.h ****   #pragma GCC diagnostic pop
  84:Drivers/CMSIS/Include/cmsis_gcc.h ****   #define __UNALIGNED_UINT16_WRITE(addr, val)    (void)((((struct T_UINT16_WRITE *)(void *)(addr))-
  85:Drivers/CMSIS/Include/cmsis_gcc.h **** #endif
ARM GAS  C:\Users\cy023\AppData\Local\Temp\ccERCq3K.s 			page 17


  86:Drivers/CMSIS/Include/cmsis_gcc.h **** #ifndef   __UNALIGNED_UINT16_READ
  87:Drivers/CMSIS/Include/cmsis_gcc.h ****   #pragma GCC diagnostic push
  88:Drivers/CMSIS/Include/cmsis_gcc.h ****   #pragma GCC diagnostic ignored "-Wpacked"
  89:Drivers/CMSIS/Include/cmsis_gcc.h ****   #pragma GCC diagnostic ignored "-Wattributes"
  90:Drivers/CMSIS/Include/cmsis_gcc.h ****   __PACKED_STRUCT T_UINT16_READ { uint16_t v; };
  91:Drivers/CMSIS/Include/cmsis_gcc.h ****   #pragma GCC diagnostic pop
  92:Drivers/CMSIS/Include/cmsis_gcc.h ****   #define __UNALIGNED_UINT16_READ(addr)          (((const struct T_UINT16_READ *)(const void *)(add
  93:Drivers/CMSIS/Include/cmsis_gcc.h **** #endif
  94:Drivers/CMSIS/Include/cmsis_gcc.h **** #ifndef   __UNALIGNED_UINT32_WRITE
  95:Drivers/CMSIS/Include/cmsis_gcc.h ****   #pragma GCC diagnostic push
  96:Drivers/CMSIS/Include/cmsis_gcc.h ****   #pragma GCC diagnostic ignored "-Wpacked"
  97:Drivers/CMSIS/Include/cmsis_gcc.h ****   #pragma GCC diagnostic ignored "-Wattributes"
  98:Drivers/CMSIS/Include/cmsis_gcc.h ****   __PACKED_STRUCT T_UINT32_WRITE { uint32_t v; };
  99:Drivers/CMSIS/Include/cmsis_gcc.h ****   #pragma GCC diagnostic pop
 100:Drivers/CMSIS/Include/cmsis_gcc.h ****   #define __UNALIGNED_UINT32_WRITE(addr, val)    (void)((((struct T_UINT32_WRITE *)(void *)(addr))-
 101:Drivers/CMSIS/Include/cmsis_gcc.h **** #endif
 102:Drivers/CMSIS/Include/cmsis_gcc.h **** #ifndef   __UNALIGNED_UINT32_READ
 103:Drivers/CMSIS/Include/cmsis_gcc.h ****   #pragma GCC diagnostic push
 104:Drivers/CMSIS/Include/cmsis_gcc.h ****   #pragma GCC diagnostic ignored "-Wpacked"
 105:Drivers/CMSIS/Include/cmsis_gcc.h ****   #pragma GCC diagnostic ignored "-Wattributes"
 106:Drivers/CMSIS/Include/cmsis_gcc.h ****   __PACKED_STRUCT T_UINT32_READ { uint32_t v; };
 107:Drivers/CMSIS/Include/cmsis_gcc.h ****   #pragma GCC diagnostic pop
 108:Drivers/CMSIS/Include/cmsis_gcc.h ****   #define __UNALIGNED_UINT32_READ(addr)          (((const struct T_UINT32_READ *)(const void *)(add
 109:Drivers/CMSIS/Include/cmsis_gcc.h **** #endif
 110:Drivers/CMSIS/Include/cmsis_gcc.h **** #ifndef   __ALIGNED
 111:Drivers/CMSIS/Include/cmsis_gcc.h ****   #define __ALIGNED(x)                           __attribute__((aligned(x)))
 112:Drivers/CMSIS/Include/cmsis_gcc.h **** #endif
 113:Drivers/CMSIS/Include/cmsis_gcc.h **** #ifndef   __RESTRICT
 114:Drivers/CMSIS/Include/cmsis_gcc.h ****   #define __RESTRICT                             __restrict
 115:Drivers/CMSIS/Include/cmsis_gcc.h **** #endif
 116:Drivers/CMSIS/Include/cmsis_gcc.h **** 
 117:Drivers/CMSIS/Include/cmsis_gcc.h **** 
 118:Drivers/CMSIS/Include/cmsis_gcc.h **** /* ###########################  Core Function Access  ########################### */
 119:Drivers/CMSIS/Include/cmsis_gcc.h **** /** \ingroup  CMSIS_Core_FunctionInterface
 120:Drivers/CMSIS/Include/cmsis_gcc.h ****     \defgroup CMSIS_Core_RegAccFunctions CMSIS Core Register Access Functions
 121:Drivers/CMSIS/Include/cmsis_gcc.h ****   @{
 122:Drivers/CMSIS/Include/cmsis_gcc.h ****  */
 123:Drivers/CMSIS/Include/cmsis_gcc.h **** 
 124:Drivers/CMSIS/Include/cmsis_gcc.h **** /**
 125:Drivers/CMSIS/Include/cmsis_gcc.h ****   \brief   Enable IRQ Interrupts
 126:Drivers/CMSIS/Include/cmsis_gcc.h ****   \details Enables IRQ interrupts by clearing the I-bit in the CPSR.
 127:Drivers/CMSIS/Include/cmsis_gcc.h ****            Can only be executed in Privileged modes.
 128:Drivers/CMSIS/Include/cmsis_gcc.h ****  */
 129:Drivers/CMSIS/Include/cmsis_gcc.h **** __STATIC_FORCEINLINE void __enable_irq(void)
 130:Drivers/CMSIS/Include/cmsis_gcc.h **** {
 131:Drivers/CMSIS/Include/cmsis_gcc.h ****   __ASM volatile ("cpsie i" : : : "memory");
 132:Drivers/CMSIS/Include/cmsis_gcc.h **** }
 133:Drivers/CMSIS/Include/cmsis_gcc.h **** 
 134:Drivers/CMSIS/Include/cmsis_gcc.h **** 
 135:Drivers/CMSIS/Include/cmsis_gcc.h **** /**
 136:Drivers/CMSIS/Include/cmsis_gcc.h ****   \brief   Disable IRQ Interrupts
 137:Drivers/CMSIS/Include/cmsis_gcc.h ****   \details Disables IRQ interrupts by setting the I-bit in the CPSR.
 138:Drivers/CMSIS/Include/cmsis_gcc.h ****            Can only be executed in Privileged modes.
 139:Drivers/CMSIS/Include/cmsis_gcc.h ****  */
 140:Drivers/CMSIS/Include/cmsis_gcc.h **** __STATIC_FORCEINLINE void __disable_irq(void)
 450              		.loc 2 140 27 view .LVU143
 451              	.LBB12:
ARM GAS  C:\Users\cy023\AppData\Local\Temp\ccERCq3K.s 			page 18


 141:Drivers/CMSIS/Include/cmsis_gcc.h **** {
 142:Drivers/CMSIS/Include/cmsis_gcc.h ****   __ASM volatile ("cpsid i" : : : "memory");
 452              		.loc 2 142 3 view .LVU144
 453              		.syntax unified
 454              	@ 142 "Drivers/CMSIS/Include/cmsis_gcc.h" 1
 455 0000 72B6     		cpsid i
 456              	@ 0 "" 2
 457              		.thumb
 458              		.syntax unified
 459              	.L10:
 460              	.LBE12:
 461              	.LBE11:
 374:Core/Src/main.c ****   while (1)
 462              		.loc 1 374 3 discriminator 1 view .LVU145
 375:Core/Src/main.c ****   {
 376:Core/Src/main.c ****   }
 463              		.loc 1 376 3 discriminator 1 view .LVU146
 374:Core/Src/main.c ****   while (1)
 464              		.loc 1 374 9 discriminator 1 view .LVU147
 465 0002 FEE7     		b	.L10
 466              		.cfi_endproc
 467              	.LFE140:
 469              		.section	.text.MX_I2C1_Init,"ax",%progbits
 470              		.align	1
 471              		.syntax unified
 472              		.thumb
 473              		.thumb_func
 474              		.fpu fpv4-sp-d16
 476              	MX_I2C1_Init:
 477              	.LFB136:
 183:Core/Src/main.c **** 
 478              		.loc 1 183 1 view -0
 479              		.cfi_startproc
 480              		@ args = 0, pretend = 0, frame = 0
 481              		@ frame_needed = 0, uses_anonymous_args = 0
 482 0000 08B5     		push	{r3, lr}
 483              	.LCFI6:
 484              		.cfi_def_cfa_offset 8
 485              		.cfi_offset 3, -8
 486              		.cfi_offset 14, -4
 192:Core/Src/main.c ****   hi2c1.Init.ClockSpeed = 100000;
 487              		.loc 1 192 3 view .LVU149
 192:Core/Src/main.c ****   hi2c1.Init.ClockSpeed = 100000;
 488              		.loc 1 192 18 is_stmt 0 view .LVU150
 489 0002 0A48     		ldr	r0, .L15
 490 0004 0A4B     		ldr	r3, .L15+4
 491 0006 0360     		str	r3, [r0]
 193:Core/Src/main.c ****   hi2c1.Init.DutyCycle = I2C_DUTYCYCLE_2;
 492              		.loc 1 193 3 is_stmt 1 view .LVU151
 193:Core/Src/main.c ****   hi2c1.Init.DutyCycle = I2C_DUTYCYCLE_2;
 493              		.loc 1 193 25 is_stmt 0 view .LVU152
 494 0008 0A4B     		ldr	r3, .L15+8
 495 000a 4360     		str	r3, [r0, #4]
 194:Core/Src/main.c ****   hi2c1.Init.OwnAddress1 = 0;
 496              		.loc 1 194 3 is_stmt 1 view .LVU153
 194:Core/Src/main.c ****   hi2c1.Init.OwnAddress1 = 0;
 497              		.loc 1 194 24 is_stmt 0 view .LVU154
ARM GAS  C:\Users\cy023\AppData\Local\Temp\ccERCq3K.s 			page 19


 498 000c 0023     		movs	r3, #0
 499 000e 8360     		str	r3, [r0, #8]
 195:Core/Src/main.c ****   hi2c1.Init.AddressingMode = I2C_ADDRESSINGMODE_7BIT;
 500              		.loc 1 195 3 is_stmt 1 view .LVU155
 195:Core/Src/main.c ****   hi2c1.Init.AddressingMode = I2C_ADDRESSINGMODE_7BIT;
 501              		.loc 1 195 26 is_stmt 0 view .LVU156
 502 0010 C360     		str	r3, [r0, #12]
 196:Core/Src/main.c ****   hi2c1.Init.DualAddressMode = I2C_DUALADDRESS_DISABLE;
 503              		.loc 1 196 3 is_stmt 1 view .LVU157
 196:Core/Src/main.c ****   hi2c1.Init.DualAddressMode = I2C_DUALADDRESS_DISABLE;
 504              		.loc 1 196 29 is_stmt 0 view .LVU158
 505 0012 4FF48042 		mov	r2, #16384
 506 0016 0261     		str	r2, [r0, #16]
 197:Core/Src/main.c ****   hi2c1.Init.OwnAddress2 = 0;
 507              		.loc 1 197 3 is_stmt 1 view .LVU159
 197:Core/Src/main.c ****   hi2c1.Init.OwnAddress2 = 0;
 508              		.loc 1 197 30 is_stmt 0 view .LVU160
 509 0018 4361     		str	r3, [r0, #20]
 198:Core/Src/main.c ****   hi2c1.Init.GeneralCallMode = I2C_GENERALCALL_DISABLE;
 510              		.loc 1 198 3 is_stmt 1 view .LVU161
 198:Core/Src/main.c ****   hi2c1.Init.GeneralCallMode = I2C_GENERALCALL_DISABLE;
 511              		.loc 1 198 26 is_stmt 0 view .LVU162
 512 001a 8361     		str	r3, [r0, #24]
 199:Core/Src/main.c ****   hi2c1.Init.NoStretchMode = I2C_NOSTRETCH_DISABLE;
 513              		.loc 1 199 3 is_stmt 1 view .LVU163
 199:Core/Src/main.c ****   hi2c1.Init.NoStretchMode = I2C_NOSTRETCH_DISABLE;
 514              		.loc 1 199 30 is_stmt 0 view .LVU164
 515 001c C361     		str	r3, [r0, #28]
 200:Core/Src/main.c ****   if (HAL_I2C_Init(&hi2c1) != HAL_OK)
 516              		.loc 1 200 3 is_stmt 1 view .LVU165
 200:Core/Src/main.c ****   if (HAL_I2C_Init(&hi2c1) != HAL_OK)
 517              		.loc 1 200 28 is_stmt 0 view .LVU166
 518 001e 0362     		str	r3, [r0, #32]
 201:Core/Src/main.c ****   {
 519              		.loc 1 201 3 is_stmt 1 view .LVU167
 201:Core/Src/main.c ****   {
 520              		.loc 1 201 7 is_stmt 0 view .LVU168
 521 0020 FFF7FEFF 		bl	HAL_I2C_Init
 522              	.LVL15:
 201:Core/Src/main.c ****   {
 523              		.loc 1 201 6 view .LVU169
 524 0024 00B9     		cbnz	r0, .L14
 209:Core/Src/main.c **** 
 525              		.loc 1 209 1 view .LVU170
 526 0026 08BD     		pop	{r3, pc}
 527              	.L14:
 203:Core/Src/main.c ****   }
 528              		.loc 1 203 5 is_stmt 1 view .LVU171
 529 0028 FFF7FEFF 		bl	Error_Handler
 530              	.LVL16:
 531              	.L16:
 532              		.align	2
 533              	.L15:
 534 002c 00000000 		.word	.LANCHOR0
 535 0030 00540040 		.word	1073763328
 536 0034 A0860100 		.word	100000
 537              		.cfi_endproc
ARM GAS  C:\Users\cy023\AppData\Local\Temp\ccERCq3K.s 			page 20


 538              	.LFE136:
 540              		.section	.text.MX_I2S3_Init,"ax",%progbits
 541              		.align	1
 542              		.syntax unified
 543              		.thumb
 544              		.thumb_func
 545              		.fpu fpv4-sp-d16
 547              	MX_I2S3_Init:
 548              	.LFB137:
 217:Core/Src/main.c **** 
 549              		.loc 1 217 1 view -0
 550              		.cfi_startproc
 551              		@ args = 0, pretend = 0, frame = 0
 552              		@ frame_needed = 0, uses_anonymous_args = 0
 553 0000 08B5     		push	{r3, lr}
 554              	.LCFI7:
 555              		.cfi_def_cfa_offset 8
 556              		.cfi_offset 3, -8
 557              		.cfi_offset 14, -4
 226:Core/Src/main.c ****   hi2s3.Init.Mode = I2S_MODE_MASTER_TX;
 558              		.loc 1 226 3 view .LVU173
 226:Core/Src/main.c ****   hi2s3.Init.Mode = I2S_MODE_MASTER_TX;
 559              		.loc 1 226 18 is_stmt 0 view .LVU174
 560 0002 0B48     		ldr	r0, .L21
 561 0004 0B4B     		ldr	r3, .L21+4
 562 0006 0360     		str	r3, [r0]
 227:Core/Src/main.c ****   hi2s3.Init.Standard = I2S_STANDARD_PHILIPS;
 563              		.loc 1 227 3 is_stmt 1 view .LVU175
 227:Core/Src/main.c ****   hi2s3.Init.Standard = I2S_STANDARD_PHILIPS;
 564              		.loc 1 227 19 is_stmt 0 view .LVU176
 565 0008 4FF40073 		mov	r3, #512
 566 000c 4360     		str	r3, [r0, #4]
 228:Core/Src/main.c ****   hi2s3.Init.DataFormat = I2S_DATAFORMAT_16B;
 567              		.loc 1 228 3 is_stmt 1 view .LVU177
 228:Core/Src/main.c ****   hi2s3.Init.DataFormat = I2S_DATAFORMAT_16B;
 568              		.loc 1 228 23 is_stmt 0 view .LVU178
 569 000e 0023     		movs	r3, #0
 570 0010 8360     		str	r3, [r0, #8]
 229:Core/Src/main.c ****   hi2s3.Init.MCLKOutput = I2S_MCLKOUTPUT_DISABLE;
 571              		.loc 1 229 3 is_stmt 1 view .LVU179
 229:Core/Src/main.c ****   hi2s3.Init.MCLKOutput = I2S_MCLKOUTPUT_DISABLE;
 572              		.loc 1 229 25 is_stmt 0 view .LVU180
 573 0012 C360     		str	r3, [r0, #12]
 230:Core/Src/main.c ****   hi2s3.Init.AudioFreq = I2S_AUDIOFREQ_48K;
 574              		.loc 1 230 3 is_stmt 1 view .LVU181
 230:Core/Src/main.c ****   hi2s3.Init.AudioFreq = I2S_AUDIOFREQ_48K;
 575              		.loc 1 230 25 is_stmt 0 view .LVU182
 576 0014 0361     		str	r3, [r0, #16]
 231:Core/Src/main.c ****   hi2s3.Init.CPOL = I2S_CPOL_LOW;
 577              		.loc 1 231 3 is_stmt 1 view .LVU183
 231:Core/Src/main.c ****   hi2s3.Init.CPOL = I2S_CPOL_LOW;
 578              		.loc 1 231 24 is_stmt 0 view .LVU184
 579 0016 4BF68032 		movw	r2, #48000
 580 001a 4261     		str	r2, [r0, #20]
 232:Core/Src/main.c ****   hi2s3.Init.ClockSource = I2S_CLOCK_PLL;
 581              		.loc 1 232 3 is_stmt 1 view .LVU185
 232:Core/Src/main.c ****   hi2s3.Init.ClockSource = I2S_CLOCK_PLL;
ARM GAS  C:\Users\cy023\AppData\Local\Temp\ccERCq3K.s 			page 21


 582              		.loc 1 232 19 is_stmt 0 view .LVU186
 583 001c 8361     		str	r3, [r0, #24]
 233:Core/Src/main.c ****   hi2s3.Init.FullDuplexMode = I2S_FULLDUPLEXMODE_DISABLE;
 584              		.loc 1 233 3 is_stmt 1 view .LVU187
 233:Core/Src/main.c ****   hi2s3.Init.FullDuplexMode = I2S_FULLDUPLEXMODE_DISABLE;
 585              		.loc 1 233 26 is_stmt 0 view .LVU188
 586 001e C361     		str	r3, [r0, #28]
 234:Core/Src/main.c ****   if (HAL_I2S_Init(&hi2s3) != HAL_OK)
 587              		.loc 1 234 3 is_stmt 1 view .LVU189
 234:Core/Src/main.c ****   if (HAL_I2S_Init(&hi2s3) != HAL_OK)
 588              		.loc 1 234 29 is_stmt 0 view .LVU190
 589 0020 0362     		str	r3, [r0, #32]
 235:Core/Src/main.c ****   {
 590              		.loc 1 235 3 is_stmt 1 view .LVU191
 235:Core/Src/main.c ****   {
 591              		.loc 1 235 7 is_stmt 0 view .LVU192
 592 0022 FFF7FEFF 		bl	HAL_I2S_Init
 593              	.LVL17:
 235:Core/Src/main.c ****   {
 594              		.loc 1 235 6 view .LVU193
 595 0026 00B9     		cbnz	r0, .L20
 243:Core/Src/main.c **** 
 596              		.loc 1 243 1 view .LVU194
 597 0028 08BD     		pop	{r3, pc}
 598              	.L20:
 237:Core/Src/main.c ****   }
 599              		.loc 1 237 5 is_stmt 1 view .LVU195
 600 002a FFF7FEFF 		bl	Error_Handler
 601              	.LVL18:
 602              	.L22:
 603 002e 00BF     		.align	2
 604              	.L21:
 605 0030 00000000 		.word	.LANCHOR1
 606 0034 003C0040 		.word	1073757184
 607              		.cfi_endproc
 608              	.LFE137:
 610              		.section	.text.SystemClock_Config,"ax",%progbits
 611              		.align	1
 612              		.global	SystemClock_Config
 613              		.syntax unified
 614              		.thumb
 615              		.thumb_func
 616              		.fpu fpv4-sp-d16
 618              	SystemClock_Config:
 619              	.LFB135:
 131:Core/Src/main.c ****   RCC_OscInitTypeDef RCC_OscInitStruct = {0};
 620              		.loc 1 131 1 view -0
 621              		.cfi_startproc
 622              		@ args = 0, pretend = 0, frame = 96
 623              		@ frame_needed = 0, uses_anonymous_args = 0
 624 0000 00B5     		push	{lr}
 625              	.LCFI8:
 626              		.cfi_def_cfa_offset 4
 627              		.cfi_offset 14, -4
 628 0002 99B0     		sub	sp, sp, #100
 629              	.LCFI9:
 630              		.cfi_def_cfa_offset 104
ARM GAS  C:\Users\cy023\AppData\Local\Temp\ccERCq3K.s 			page 22


 132:Core/Src/main.c ****   RCC_ClkInitTypeDef RCC_ClkInitStruct = {0};
 631              		.loc 1 132 3 view .LVU197
 132:Core/Src/main.c ****   RCC_ClkInitTypeDef RCC_ClkInitStruct = {0};
 632              		.loc 1 132 22 is_stmt 0 view .LVU198
 633 0004 3022     		movs	r2, #48
 634 0006 0021     		movs	r1, #0
 635 0008 0DEB0200 		add	r0, sp, r2
 636 000c FFF7FEFF 		bl	memset
 637              	.LVL19:
 133:Core/Src/main.c ****   RCC_PeriphCLKInitTypeDef PeriphClkInitStruct = {0};
 638              		.loc 1 133 3 is_stmt 1 view .LVU199
 133:Core/Src/main.c ****   RCC_PeriphCLKInitTypeDef PeriphClkInitStruct = {0};
 639              		.loc 1 133 22 is_stmt 0 view .LVU200
 640 0010 0023     		movs	r3, #0
 641 0012 0793     		str	r3, [sp, #28]
 642 0014 0893     		str	r3, [sp, #32]
 643 0016 0993     		str	r3, [sp, #36]
 644 0018 0A93     		str	r3, [sp, #40]
 645 001a 0B93     		str	r3, [sp, #44]
 134:Core/Src/main.c **** 
 646              		.loc 1 134 3 is_stmt 1 view .LVU201
 134:Core/Src/main.c **** 
 647              		.loc 1 134 28 is_stmt 0 view .LVU202
 648 001c 0393     		str	r3, [sp, #12]
 649 001e 0493     		str	r3, [sp, #16]
 650 0020 0593     		str	r3, [sp, #20]
 651 0022 0693     		str	r3, [sp, #24]
 138:Core/Src/main.c ****   __HAL_PWR_VOLTAGESCALING_CONFIG(PWR_REGULATOR_VOLTAGE_SCALE1);
 652              		.loc 1 138 3 is_stmt 1 view .LVU203
 653              	.LBB13:
 138:Core/Src/main.c ****   __HAL_PWR_VOLTAGESCALING_CONFIG(PWR_REGULATOR_VOLTAGE_SCALE1);
 654              		.loc 1 138 3 view .LVU204
 655 0024 0193     		str	r3, [sp, #4]
 138:Core/Src/main.c ****   __HAL_PWR_VOLTAGESCALING_CONFIG(PWR_REGULATOR_VOLTAGE_SCALE1);
 656              		.loc 1 138 3 view .LVU205
 657 0026 274A     		ldr	r2, .L31
 658 0028 116C     		ldr	r1, [r2, #64]
 659 002a 41F08051 		orr	r1, r1, #268435456
 660 002e 1164     		str	r1, [r2, #64]
 138:Core/Src/main.c ****   __HAL_PWR_VOLTAGESCALING_CONFIG(PWR_REGULATOR_VOLTAGE_SCALE1);
 661              		.loc 1 138 3 view .LVU206
 662 0030 126C     		ldr	r2, [r2, #64]
 663 0032 02F08052 		and	r2, r2, #268435456
 664 0036 0192     		str	r2, [sp, #4]
 138:Core/Src/main.c ****   __HAL_PWR_VOLTAGESCALING_CONFIG(PWR_REGULATOR_VOLTAGE_SCALE1);
 665              		.loc 1 138 3 view .LVU207
 666 0038 019A     		ldr	r2, [sp, #4]
 667              	.LBE13:
 138:Core/Src/main.c ****   __HAL_PWR_VOLTAGESCALING_CONFIG(PWR_REGULATOR_VOLTAGE_SCALE1);
 668              		.loc 1 138 3 view .LVU208
 139:Core/Src/main.c ****   /** Initializes the RCC Oscillators according to the specified parameters
 669              		.loc 1 139 3 view .LVU209
 670              	.LBB14:
 139:Core/Src/main.c ****   /** Initializes the RCC Oscillators according to the specified parameters
 671              		.loc 1 139 3 view .LVU210
 672 003a 0293     		str	r3, [sp, #8]
 139:Core/Src/main.c ****   /** Initializes the RCC Oscillators according to the specified parameters
ARM GAS  C:\Users\cy023\AppData\Local\Temp\ccERCq3K.s 			page 23


 673              		.loc 1 139 3 view .LVU211
 674 003c 224B     		ldr	r3, .L31+4
 675 003e 1A68     		ldr	r2, [r3]
 676 0040 42F48042 		orr	r2, r2, #16384
 677 0044 1A60     		str	r2, [r3]
 139:Core/Src/main.c ****   /** Initializes the RCC Oscillators according to the specified parameters
 678              		.loc 1 139 3 view .LVU212
 679 0046 1B68     		ldr	r3, [r3]
 680 0048 03F48043 		and	r3, r3, #16384
 681 004c 0293     		str	r3, [sp, #8]
 139:Core/Src/main.c ****   /** Initializes the RCC Oscillators according to the specified parameters
 682              		.loc 1 139 3 view .LVU213
 683 004e 029B     		ldr	r3, [sp, #8]
 684              	.LBE14:
 139:Core/Src/main.c ****   /** Initializes the RCC Oscillators according to the specified parameters
 685              		.loc 1 139 3 view .LVU214
 143:Core/Src/main.c ****   RCC_OscInitStruct.HSEState = RCC_HSE_ON;
 686              		.loc 1 143 3 view .LVU215
 143:Core/Src/main.c ****   RCC_OscInitStruct.HSEState = RCC_HSE_ON;
 687              		.loc 1 143 36 is_stmt 0 view .LVU216
 688 0050 0123     		movs	r3, #1
 689 0052 0C93     		str	r3, [sp, #48]
 144:Core/Src/main.c ****   RCC_OscInitStruct.PLL.PLLState = RCC_PLL_ON;
 690              		.loc 1 144 3 is_stmt 1 view .LVU217
 144:Core/Src/main.c ****   RCC_OscInitStruct.PLL.PLLState = RCC_PLL_ON;
 691              		.loc 1 144 30 is_stmt 0 view .LVU218
 692 0054 4FF48033 		mov	r3, #65536
 693 0058 0D93     		str	r3, [sp, #52]
 145:Core/Src/main.c ****   RCC_OscInitStruct.PLL.PLLSource = RCC_PLLSOURCE_HSE;
 694              		.loc 1 145 3 is_stmt 1 view .LVU219
 145:Core/Src/main.c ****   RCC_OscInitStruct.PLL.PLLSource = RCC_PLLSOURCE_HSE;
 695              		.loc 1 145 34 is_stmt 0 view .LVU220
 696 005a 0223     		movs	r3, #2
 697 005c 1293     		str	r3, [sp, #72]
 146:Core/Src/main.c ****   RCC_OscInitStruct.PLL.PLLM = 8;
 698              		.loc 1 146 3 is_stmt 1 view .LVU221
 146:Core/Src/main.c ****   RCC_OscInitStruct.PLL.PLLM = 8;
 699              		.loc 1 146 35 is_stmt 0 view .LVU222
 700 005e 4FF48002 		mov	r2, #4194304
 701 0062 1392     		str	r2, [sp, #76]
 147:Core/Src/main.c ****   RCC_OscInitStruct.PLL.PLLN = 336;
 702              		.loc 1 147 3 is_stmt 1 view .LVU223
 147:Core/Src/main.c ****   RCC_OscInitStruct.PLL.PLLN = 336;
 703              		.loc 1 147 30 is_stmt 0 view .LVU224
 704 0064 0822     		movs	r2, #8
 705 0066 1492     		str	r2, [sp, #80]
 148:Core/Src/main.c ****   RCC_OscInitStruct.PLL.PLLP = RCC_PLLP_DIV2;
 706              		.loc 1 148 3 is_stmt 1 view .LVU225
 148:Core/Src/main.c ****   RCC_OscInitStruct.PLL.PLLP = RCC_PLLP_DIV2;
 707              		.loc 1 148 30 is_stmt 0 view .LVU226
 708 0068 4FF4A872 		mov	r2, #336
 709 006c 1592     		str	r2, [sp, #84]
 149:Core/Src/main.c ****   RCC_OscInitStruct.PLL.PLLQ = 7;
 710              		.loc 1 149 3 is_stmt 1 view .LVU227
 149:Core/Src/main.c ****   RCC_OscInitStruct.PLL.PLLQ = 7;
 711              		.loc 1 149 30 is_stmt 0 view .LVU228
 712 006e 1693     		str	r3, [sp, #88]
ARM GAS  C:\Users\cy023\AppData\Local\Temp\ccERCq3K.s 			page 24


 150:Core/Src/main.c ****   if (HAL_RCC_OscConfig(&RCC_OscInitStruct) != HAL_OK)
 713              		.loc 1 150 3 is_stmt 1 view .LVU229
 150:Core/Src/main.c ****   if (HAL_RCC_OscConfig(&RCC_OscInitStruct) != HAL_OK)
 714              		.loc 1 150 30 is_stmt 0 view .LVU230
 715 0070 0723     		movs	r3, #7
 716 0072 1793     		str	r3, [sp, #92]
 151:Core/Src/main.c ****   {
 717              		.loc 1 151 3 is_stmt 1 view .LVU231
 151:Core/Src/main.c ****   {
 718              		.loc 1 151 7 is_stmt 0 view .LVU232
 719 0074 0CA8     		add	r0, sp, #48
 720 0076 FFF7FEFF 		bl	HAL_RCC_OscConfig
 721              	.LVL20:
 151:Core/Src/main.c ****   {
 722              		.loc 1 151 6 view .LVU233
 723 007a E8B9     		cbnz	r0, .L28
 157:Core/Src/main.c ****                               |RCC_CLOCKTYPE_PCLK1|RCC_CLOCKTYPE_PCLK2;
 724              		.loc 1 157 3 is_stmt 1 view .LVU234
 157:Core/Src/main.c ****                               |RCC_CLOCKTYPE_PCLK1|RCC_CLOCKTYPE_PCLK2;
 725              		.loc 1 157 31 is_stmt 0 view .LVU235
 726 007c 0F23     		movs	r3, #15
 727 007e 0793     		str	r3, [sp, #28]
 159:Core/Src/main.c ****   RCC_ClkInitStruct.AHBCLKDivider = RCC_SYSCLK_DIV1;
 728              		.loc 1 159 3 is_stmt 1 view .LVU236
 159:Core/Src/main.c ****   RCC_ClkInitStruct.AHBCLKDivider = RCC_SYSCLK_DIV1;
 729              		.loc 1 159 34 is_stmt 0 view .LVU237
 730 0080 0223     		movs	r3, #2
 731 0082 0893     		str	r3, [sp, #32]
 160:Core/Src/main.c ****   RCC_ClkInitStruct.APB1CLKDivider = RCC_HCLK_DIV4;
 732              		.loc 1 160 3 is_stmt 1 view .LVU238
 160:Core/Src/main.c ****   RCC_ClkInitStruct.APB1CLKDivider = RCC_HCLK_DIV4;
 733              		.loc 1 160 35 is_stmt 0 view .LVU239
 734 0084 0023     		movs	r3, #0
 735 0086 0993     		str	r3, [sp, #36]
 161:Core/Src/main.c ****   RCC_ClkInitStruct.APB2CLKDivider = RCC_HCLK_DIV2;
 736              		.loc 1 161 3 is_stmt 1 view .LVU240
 161:Core/Src/main.c ****   RCC_ClkInitStruct.APB2CLKDivider = RCC_HCLK_DIV2;
 737              		.loc 1 161 36 is_stmt 0 view .LVU241
 738 0088 4FF4A053 		mov	r3, #5120
 739 008c 0A93     		str	r3, [sp, #40]
 162:Core/Src/main.c **** 
 740              		.loc 1 162 3 is_stmt 1 view .LVU242
 162:Core/Src/main.c **** 
 741              		.loc 1 162 36 is_stmt 0 view .LVU243
 742 008e 4FF48053 		mov	r3, #4096
 743 0092 0B93     		str	r3, [sp, #44]
 164:Core/Src/main.c ****   {
 744              		.loc 1 164 3 is_stmt 1 view .LVU244
 164:Core/Src/main.c ****   {
 745              		.loc 1 164 7 is_stmt 0 view .LVU245
 746 0094 0521     		movs	r1, #5
 747 0096 07A8     		add	r0, sp, #28
 748 0098 FFF7FEFF 		bl	HAL_RCC_ClockConfig
 749              	.LVL21:
 164:Core/Src/main.c ****   {
 750              		.loc 1 164 6 view .LVU246
 751 009c 70B9     		cbnz	r0, .L29
ARM GAS  C:\Users\cy023\AppData\Local\Temp\ccERCq3K.s 			page 25


 168:Core/Src/main.c ****   PeriphClkInitStruct.PLLI2S.PLLI2SN = 192;
 752              		.loc 1 168 3 is_stmt 1 view .LVU247
 168:Core/Src/main.c ****   PeriphClkInitStruct.PLLI2S.PLLI2SN = 192;
 753              		.loc 1 168 44 is_stmt 0 view .LVU248
 754 009e 0123     		movs	r3, #1
 755 00a0 0393     		str	r3, [sp, #12]
 169:Core/Src/main.c ****   PeriphClkInitStruct.PLLI2S.PLLI2SR = 2;
 756              		.loc 1 169 3 is_stmt 1 view .LVU249
 169:Core/Src/main.c ****   PeriphClkInitStruct.PLLI2S.PLLI2SR = 2;
 757              		.loc 1 169 38 is_stmt 0 view .LVU250
 758 00a2 C023     		movs	r3, #192
 759 00a4 0493     		str	r3, [sp, #16]
 170:Core/Src/main.c ****   if (HAL_RCCEx_PeriphCLKConfig(&PeriphClkInitStruct) != HAL_OK)
 760              		.loc 1 170 3 is_stmt 1 view .LVU251
 170:Core/Src/main.c ****   if (HAL_RCCEx_PeriphCLKConfig(&PeriphClkInitStruct) != HAL_OK)
 761              		.loc 1 170 38 is_stmt 0 view .LVU252
 762 00a6 0223     		movs	r3, #2
 763 00a8 0593     		str	r3, [sp, #20]
 171:Core/Src/main.c ****   {
 764              		.loc 1 171 3 is_stmt 1 view .LVU253
 171:Core/Src/main.c ****   {
 765              		.loc 1 171 7 is_stmt 0 view .LVU254
 766 00aa 03A8     		add	r0, sp, #12
 767 00ac FFF7FEFF 		bl	HAL_RCCEx_PeriphCLKConfig
 768              	.LVL22:
 171:Core/Src/main.c ****   {
 769              		.loc 1 171 6 view .LVU255
 770 00b0 30B9     		cbnz	r0, .L30
 175:Core/Src/main.c **** 
 771              		.loc 1 175 1 view .LVU256
 772 00b2 19B0     		add	sp, sp, #100
 773              	.LCFI10:
 774              		.cfi_remember_state
 775              		.cfi_def_cfa_offset 4
 776              		@ sp needed
 777 00b4 5DF804FB 		ldr	pc, [sp], #4
 778              	.L28:
 779              	.LCFI11:
 780              		.cfi_restore_state
 153:Core/Src/main.c ****   }
 781              		.loc 1 153 5 is_stmt 1 view .LVU257
 782 00b8 FFF7FEFF 		bl	Error_Handler
 783              	.LVL23:
 784              	.L29:
 166:Core/Src/main.c ****   }
 785              		.loc 1 166 5 view .LVU258
 786 00bc FFF7FEFF 		bl	Error_Handler
 787              	.LVL24:
 788              	.L30:
 173:Core/Src/main.c ****   }
 789              		.loc 1 173 5 view .LVU259
 790 00c0 FFF7FEFF 		bl	Error_Handler
 791              	.LVL25:
 792              	.L32:
 793              		.align	2
 794              	.L31:
 795 00c4 00380240 		.word	1073887232
ARM GAS  C:\Users\cy023\AppData\Local\Temp\ccERCq3K.s 			page 26


 796 00c8 00700040 		.word	1073770496
 797              		.cfi_endproc
 798              	.LFE135:
 800              		.section	.text.main,"ax",%progbits
 801              		.align	1
 802              		.global	main
 803              		.syntax unified
 804              		.thumb
 805              		.thumb_func
 806              		.fpu fpv4-sp-d16
 808              	main:
 809              	.LFB134:
  73:Core/Src/main.c ****   /* USER CODE BEGIN 1 */
 810              		.loc 1 73 1 view -0
 811              		.cfi_startproc
 812              		@ Volatile: function does not return.
 813              		@ args = 0, pretend = 0, frame = 0
 814              		@ frame_needed = 0, uses_anonymous_args = 0
 815 0000 08B5     		push	{r3, lr}
 816              	.LCFI12:
 817              		.cfi_def_cfa_offset 8
 818              		.cfi_offset 3, -8
 819              		.cfi_offset 14, -4
  81:Core/Src/main.c **** 
 820              		.loc 1 81 3 view .LVU261
 821 0002 FFF7FEFF 		bl	HAL_Init
 822              	.LVL26:
  88:Core/Src/main.c **** 
 823              		.loc 1 88 3 view .LVU262
 824 0006 FFF7FEFF 		bl	SystemClock_Config
 825              	.LVL27:
  95:Core/Src/main.c ****   MX_DMA_Init();
 826              		.loc 1 95 3 view .LVU263
 827 000a FFF7FEFF 		bl	MX_GPIO_Init
 828              	.LVL28:
  96:Core/Src/main.c ****   MX_I2C1_Init();
 829              		.loc 1 96 3 view .LVU264
 830 000e FFF7FEFF 		bl	MX_DMA_Init
 831              	.LVL29:
  97:Core/Src/main.c ****   MX_I2S3_Init();
 832              		.loc 1 97 3 view .LVU265
 833 0012 FFF7FEFF 		bl	MX_I2C1_Init
 834              	.LVL30:
  98:Core/Src/main.c ****   MX_USB_DEVICE_Init();
 835              		.loc 1 98 3 view .LVU266
 836 0016 FFF7FEFF 		bl	MX_I2S3_Init
 837              	.LVL31:
  99:Core/Src/main.c ****   /* USER CODE BEGIN 2 */
 838              		.loc 1 99 3 view .LVU267
 839 001a FFF7FEFF 		bl	MX_USB_DEVICE_Init
 840              	.LVL32:
 841              	.L34:
 106:Core/Src/main.c ****   {
 842              		.loc 1 106 3 discriminator 1 view .LVU268
 109:Core/Src/main.c ****     HAL_Delay(100);
 843              		.loc 1 109 5 discriminator 1 view .LVU269
 844 001e 1B4C     		ldr	r4, .L36
ARM GAS  C:\Users\cy023\AppData\Local\Temp\ccERCq3K.s 			page 27


 845 0020 4FF48051 		mov	r1, #4096
 846 0024 2046     		mov	r0, r4
 847 0026 FFF7FEFF 		bl	HAL_GPIO_TogglePin
 848              	.LVL33:
 110:Core/Src/main.c ****     HAL_GPIO_TogglePin(GPIOD, GPIO_PIN_12);
 849              		.loc 1 110 5 discriminator 1 view .LVU270
 850 002a 6420     		movs	r0, #100
 851 002c FFF7FEFF 		bl	HAL_Delay
 852              	.LVL34:
 111:Core/Src/main.c ****     HAL_GPIO_TogglePin(GPIOD, GPIO_PIN_13);
 853              		.loc 1 111 5 discriminator 1 view .LVU271
 854 0030 4FF48051 		mov	r1, #4096
 855 0034 2046     		mov	r0, r4
 856 0036 FFF7FEFF 		bl	HAL_GPIO_TogglePin
 857              	.LVL35:
 112:Core/Src/main.c ****     HAL_Delay(100);
 858              		.loc 1 112 5 discriminator 1 view .LVU272
 859 003a 4FF40051 		mov	r1, #8192
 860 003e 2046     		mov	r0, r4
 861 0040 FFF7FEFF 		bl	HAL_GPIO_TogglePin
 862              	.LVL36:
 113:Core/Src/main.c ****     HAL_GPIO_TogglePin(GPIOD, GPIO_PIN_13);
 863              		.loc 1 113 5 discriminator 1 view .LVU273
 864 0044 6420     		movs	r0, #100
 865 0046 FFF7FEFF 		bl	HAL_Delay
 866              	.LVL37:
 114:Core/Src/main.c ****     HAL_GPIO_TogglePin(GPIOD, GPIO_PIN_14);
 867              		.loc 1 114 5 discriminator 1 view .LVU274
 868 004a 4FF40051 		mov	r1, #8192
 869 004e 2046     		mov	r0, r4
 870 0050 FFF7FEFF 		bl	HAL_GPIO_TogglePin
 871              	.LVL38:
 115:Core/Src/main.c ****     HAL_Delay(100);
 872              		.loc 1 115 5 discriminator 1 view .LVU275
 873 0054 4FF48041 		mov	r1, #16384
 874 0058 2046     		mov	r0, r4
 875 005a FFF7FEFF 		bl	HAL_GPIO_TogglePin
 876              	.LVL39:
 116:Core/Src/main.c ****     HAL_GPIO_TogglePin(GPIOD, GPIO_PIN_14);
 877              		.loc 1 116 5 discriminator 1 view .LVU276
 878 005e 6420     		movs	r0, #100
 879 0060 FFF7FEFF 		bl	HAL_Delay
 880              	.LVL40:
 117:Core/Src/main.c ****     HAL_GPIO_TogglePin(GPIOD, GPIO_PIN_15);
 881              		.loc 1 117 5 discriminator 1 view .LVU277
 882 0064 4FF48041 		mov	r1, #16384
 883 0068 2046     		mov	r0, r4
 884 006a FFF7FEFF 		bl	HAL_GPIO_TogglePin
 885              	.LVL41:
 118:Core/Src/main.c ****     HAL_Delay(100);
 886              		.loc 1 118 5 discriminator 1 view .LVU278
 887 006e 4FF40041 		mov	r1, #32768
 888 0072 2046     		mov	r0, r4
 889 0074 FFF7FEFF 		bl	HAL_GPIO_TogglePin
 890              	.LVL42:
 119:Core/Src/main.c ****     HAL_GPIO_TogglePin(GPIOD, GPIO_PIN_15);
 891              		.loc 1 119 5 discriminator 1 view .LVU279
ARM GAS  C:\Users\cy023\AppData\Local\Temp\ccERCq3K.s 			page 28


 892 0078 6420     		movs	r0, #100
 893 007a FFF7FEFF 		bl	HAL_Delay
 894              	.LVL43:
 120:Core/Src/main.c ****     /* USER CODE BEGIN 3 */
 895              		.loc 1 120 5 discriminator 1 view .LVU280
 896 007e 4FF40041 		mov	r1, #32768
 897 0082 2046     		mov	r0, r4
 898 0084 FFF7FEFF 		bl	HAL_GPIO_TogglePin
 899              	.LVL44:
 106:Core/Src/main.c ****   {
 900              		.loc 1 106 9 discriminator 1 view .LVU281
 901 0088 C9E7     		b	.L34
 902              	.L37:
 903 008a 00BF     		.align	2
 904              	.L36:
 905 008c 000C0240 		.word	1073875968
 906              		.cfi_endproc
 907              	.LFE134:
 909              		.global	hdma_spi3_tx
 910              		.global	hi2s3
 911              		.global	hi2c1
 912              		.section	.bss.hdma_spi3_tx,"aw",%nobits
 913              		.align	2
 916              	hdma_spi3_tx:
 917 0000 00000000 		.space	96
 917      00000000 
 917      00000000 
 917      00000000 
 917      00000000 
 918              		.section	.bss.hi2c1,"aw",%nobits
 919              		.align	2
 920              		.set	.LANCHOR0,. + 0
 923              	hi2c1:
 924 0000 00000000 		.space	84
 924      00000000 
 924      00000000 
 924      00000000 
 924      00000000 
 925              		.section	.bss.hi2s3,"aw",%nobits
 926              		.align	2
 927              		.set	.LANCHOR1,. + 0
 930              	hi2s3:
 931 0000 00000000 		.space	72
 931      00000000 
 931      00000000 
 931      00000000 
 931      00000000 
 932              		.text
 933              	.Letext0:
 934              		.file 3 "d:\\program files\\gnu arm embedded toolchain\\10 2020-q4-major\\arm-none-eabi\\include\\
 935              		.file 4 "d:\\program files\\gnu arm embedded toolchain\\10 2020-q4-major\\arm-none-eabi\\include\\
 936              		.file 5 "Drivers/CMSIS/Device/ST/STM32F4xx/Include/stm32f407xx.h"
 937              		.file 6 "Drivers/STM32F4xx_HAL_Driver/Inc/stm32f4xx_hal_def.h"
 938              		.file 7 "Drivers/STM32F4xx_HAL_Driver/Inc/stm32f4xx_hal_rcc_ex.h"
 939              		.file 8 "Drivers/STM32F4xx_HAL_Driver/Inc/stm32f4xx_hal_rcc.h"
 940              		.file 9 "Drivers/STM32F4xx_HAL_Driver/Inc/stm32f4xx_hal_gpio.h"
 941              		.file 10 "Drivers/STM32F4xx_HAL_Driver/Inc/stm32f4xx_hal_dma.h"
ARM GAS  C:\Users\cy023\AppData\Local\Temp\ccERCq3K.s 			page 29


 942              		.file 11 "Drivers/STM32F4xx_HAL_Driver/Inc/stm32f4xx_hal_i2c.h"
 943              		.file 12 "Drivers/STM32F4xx_HAL_Driver/Inc/stm32f4xx_hal_i2s.h"
 944              		.file 13 "Drivers/STM32F4xx_HAL_Driver/Inc/stm32f4xx_hal_cortex.h"
 945              		.file 14 "Drivers/STM32F4xx_HAL_Driver/Inc/stm32f4xx_hal.h"
 946              		.file 15 "USB_DEVICE/App/usb_device.h"
 947              		.file 16 "<built-in>"
ARM GAS  C:\Users\cy023\AppData\Local\Temp\ccERCq3K.s 			page 30


DEFINED SYMBOLS
                            *ABS*:00000000 main.c
C:\Users\cy023\AppData\Local\Temp\ccERCq3K.s:18     .text.MX_GPIO_Init:00000000 $t
C:\Users\cy023\AppData\Local\Temp\ccERCq3K.s:25     .text.MX_GPIO_Init:00000000 MX_GPIO_Init
C:\Users\cy023\AppData\Local\Temp\ccERCq3K.s:361    .text.MX_GPIO_Init:00000184 $d
C:\Users\cy023\AppData\Local\Temp\ccERCq3K.s:371    .text.MX_DMA_Init:00000000 $t
C:\Users\cy023\AppData\Local\Temp\ccERCq3K.s:377    .text.MX_DMA_Init:00000000 MX_DMA_Init
C:\Users\cy023\AppData\Local\Temp\ccERCq3K.s:426    .text.MX_DMA_Init:00000030 $d
C:\Users\cy023\AppData\Local\Temp\ccERCq3K.s:431    .text.Error_Handler:00000000 $t
C:\Users\cy023\AppData\Local\Temp\ccERCq3K.s:438    .text.Error_Handler:00000000 Error_Handler
C:\Users\cy023\AppData\Local\Temp\ccERCq3K.s:470    .text.MX_I2C1_Init:00000000 $t
C:\Users\cy023\AppData\Local\Temp\ccERCq3K.s:476    .text.MX_I2C1_Init:00000000 MX_I2C1_Init
C:\Users\cy023\AppData\Local\Temp\ccERCq3K.s:534    .text.MX_I2C1_Init:0000002c $d
C:\Users\cy023\AppData\Local\Temp\ccERCq3K.s:541    .text.MX_I2S3_Init:00000000 $t
C:\Users\cy023\AppData\Local\Temp\ccERCq3K.s:547    .text.MX_I2S3_Init:00000000 MX_I2S3_Init
C:\Users\cy023\AppData\Local\Temp\ccERCq3K.s:605    .text.MX_I2S3_Init:00000030 $d
C:\Users\cy023\AppData\Local\Temp\ccERCq3K.s:611    .text.SystemClock_Config:00000000 $t
C:\Users\cy023\AppData\Local\Temp\ccERCq3K.s:618    .text.SystemClock_Config:00000000 SystemClock_Config
C:\Users\cy023\AppData\Local\Temp\ccERCq3K.s:795    .text.SystemClock_Config:000000c4 $d
C:\Users\cy023\AppData\Local\Temp\ccERCq3K.s:801    .text.main:00000000 $t
C:\Users\cy023\AppData\Local\Temp\ccERCq3K.s:808    .text.main:00000000 main
C:\Users\cy023\AppData\Local\Temp\ccERCq3K.s:905    .text.main:0000008c $d
C:\Users\cy023\AppData\Local\Temp\ccERCq3K.s:916    .bss.hdma_spi3_tx:00000000 hdma_spi3_tx
C:\Users\cy023\AppData\Local\Temp\ccERCq3K.s:930    .bss.hi2s3:00000000 hi2s3
C:\Users\cy023\AppData\Local\Temp\ccERCq3K.s:923    .bss.hi2c1:00000000 hi2c1
C:\Users\cy023\AppData\Local\Temp\ccERCq3K.s:913    .bss.hdma_spi3_tx:00000000 $d
C:\Users\cy023\AppData\Local\Temp\ccERCq3K.s:919    .bss.hi2c1:00000000 $d
C:\Users\cy023\AppData\Local\Temp\ccERCq3K.s:926    .bss.hi2s3:00000000 $d

UNDEFINED SYMBOLS
HAL_GPIO_WritePin
HAL_GPIO_Init
HAL_NVIC_SetPriority
HAL_NVIC_EnableIRQ
HAL_I2C_Init
HAL_I2S_Init
memset
HAL_RCC_OscConfig
HAL_RCC_ClockConfig
HAL_RCCEx_PeriphCLKConfig
HAL_Init
MX_USB_DEVICE_Init
HAL_GPIO_TogglePin
HAL_Delay
