ARM GAS  C:\Users\cy023\AppData\Local\Temp\cc3WkEKx.s 			page 1


   1              		.cpu cortex-m4
   2              		.eabi_attribute 27, 1
   3              		.eabi_attribute 28, 1
   4              		.eabi_attribute 20, 1
   5              		.eabi_attribute 21, 1
   6              		.eabi_attribute 23, 3
   7              		.eabi_attribute 24, 1
   8              		.eabi_attribute 25, 1
   9              		.eabi_attribute 26, 1
  10              		.eabi_attribute 30, 1
  11              		.eabi_attribute 34, 1
  12              		.eabi_attribute 18, 4
  13              		.file	"stm32f4xx_hal_msp.c"
  14              		.text
  15              	.Ltext0:
  16              		.cfi_sections	.debug_frame
  17              		.section	.text.HAL_MspInit,"ax",%progbits
  18              		.align	1
  19              		.global	HAL_MspInit
  20              		.arch armv7e-m
  21              		.syntax unified
  22              		.thumb
  23              		.thumb_func
  24              		.fpu fpv4-sp-d16
  26              	HAL_MspInit:
  27              	.LFB130:
  28              		.file 1 "Core/Src/stm32f4xx_hal_msp.c"
   1:Core/Src/stm32f4xx_hal_msp.c **** /* USER CODE BEGIN Header */
   2:Core/Src/stm32f4xx_hal_msp.c **** /**
   3:Core/Src/stm32f4xx_hal_msp.c ****   ******************************************************************************
   4:Core/Src/stm32f4xx_hal_msp.c ****   * @file         stm32f4xx_hal_msp.c
   5:Core/Src/stm32f4xx_hal_msp.c ****   * @brief        This file provides code for the MSP Initialization
   6:Core/Src/stm32f4xx_hal_msp.c ****   *               and de-Initialization codes.
   7:Core/Src/stm32f4xx_hal_msp.c ****   ******************************************************************************
   8:Core/Src/stm32f4xx_hal_msp.c ****   * @attention
   9:Core/Src/stm32f4xx_hal_msp.c ****   *
  10:Core/Src/stm32f4xx_hal_msp.c ****   * <h2><center>&copy; Copyright (c) 2021 STMicroelectronics.
  11:Core/Src/stm32f4xx_hal_msp.c ****   * All rights reserved.</center></h2>
  12:Core/Src/stm32f4xx_hal_msp.c ****   *
  13:Core/Src/stm32f4xx_hal_msp.c ****   * This software component is licensed by ST under Ultimate Liberty license
  14:Core/Src/stm32f4xx_hal_msp.c ****   * SLA0044, the "License"; You may not use this file except in compliance with
  15:Core/Src/stm32f4xx_hal_msp.c ****   * the License. You may obtain a copy of the License at:
  16:Core/Src/stm32f4xx_hal_msp.c ****   *                             www.st.com/SLA0044
  17:Core/Src/stm32f4xx_hal_msp.c ****   *
  18:Core/Src/stm32f4xx_hal_msp.c ****   ******************************************************************************
  19:Core/Src/stm32f4xx_hal_msp.c ****   */
  20:Core/Src/stm32f4xx_hal_msp.c **** /* USER CODE END Header */
  21:Core/Src/stm32f4xx_hal_msp.c **** 
  22:Core/Src/stm32f4xx_hal_msp.c **** /* Includes ------------------------------------------------------------------*/
  23:Core/Src/stm32f4xx_hal_msp.c **** #include "main.h"
  24:Core/Src/stm32f4xx_hal_msp.c **** /* USER CODE BEGIN Includes */
  25:Core/Src/stm32f4xx_hal_msp.c **** 
  26:Core/Src/stm32f4xx_hal_msp.c **** /* USER CODE END Includes */
  27:Core/Src/stm32f4xx_hal_msp.c **** extern DMA_HandleTypeDef hdma_spi3_tx;
  28:Core/Src/stm32f4xx_hal_msp.c **** 
  29:Core/Src/stm32f4xx_hal_msp.c **** /* Private typedef -----------------------------------------------------------*/
  30:Core/Src/stm32f4xx_hal_msp.c **** /* USER CODE BEGIN TD */
ARM GAS  C:\Users\cy023\AppData\Local\Temp\cc3WkEKx.s 			page 2


  31:Core/Src/stm32f4xx_hal_msp.c **** 
  32:Core/Src/stm32f4xx_hal_msp.c **** /* USER CODE END TD */
  33:Core/Src/stm32f4xx_hal_msp.c **** 
  34:Core/Src/stm32f4xx_hal_msp.c **** /* Private define ------------------------------------------------------------*/
  35:Core/Src/stm32f4xx_hal_msp.c **** /* USER CODE BEGIN Define */
  36:Core/Src/stm32f4xx_hal_msp.c **** 
  37:Core/Src/stm32f4xx_hal_msp.c **** /* USER CODE END Define */
  38:Core/Src/stm32f4xx_hal_msp.c **** 
  39:Core/Src/stm32f4xx_hal_msp.c **** /* Private macro -------------------------------------------------------------*/
  40:Core/Src/stm32f4xx_hal_msp.c **** /* USER CODE BEGIN Macro */
  41:Core/Src/stm32f4xx_hal_msp.c **** 
  42:Core/Src/stm32f4xx_hal_msp.c **** /* USER CODE END Macro */
  43:Core/Src/stm32f4xx_hal_msp.c **** 
  44:Core/Src/stm32f4xx_hal_msp.c **** /* Private variables ---------------------------------------------------------*/
  45:Core/Src/stm32f4xx_hal_msp.c **** /* USER CODE BEGIN PV */
  46:Core/Src/stm32f4xx_hal_msp.c **** 
  47:Core/Src/stm32f4xx_hal_msp.c **** /* USER CODE END PV */
  48:Core/Src/stm32f4xx_hal_msp.c **** 
  49:Core/Src/stm32f4xx_hal_msp.c **** /* Private function prototypes -----------------------------------------------*/
  50:Core/Src/stm32f4xx_hal_msp.c **** /* USER CODE BEGIN PFP */
  51:Core/Src/stm32f4xx_hal_msp.c **** 
  52:Core/Src/stm32f4xx_hal_msp.c **** /* USER CODE END PFP */
  53:Core/Src/stm32f4xx_hal_msp.c **** 
  54:Core/Src/stm32f4xx_hal_msp.c **** /* External functions --------------------------------------------------------*/
  55:Core/Src/stm32f4xx_hal_msp.c **** /* USER CODE BEGIN ExternalFunctions */
  56:Core/Src/stm32f4xx_hal_msp.c **** 
  57:Core/Src/stm32f4xx_hal_msp.c **** /* USER CODE END ExternalFunctions */
  58:Core/Src/stm32f4xx_hal_msp.c **** 
  59:Core/Src/stm32f4xx_hal_msp.c **** /* USER CODE BEGIN 0 */
  60:Core/Src/stm32f4xx_hal_msp.c **** 
  61:Core/Src/stm32f4xx_hal_msp.c **** /* USER CODE END 0 */
  62:Core/Src/stm32f4xx_hal_msp.c **** /**
  63:Core/Src/stm32f4xx_hal_msp.c ****   * Initializes the Global MSP.
  64:Core/Src/stm32f4xx_hal_msp.c ****   */
  65:Core/Src/stm32f4xx_hal_msp.c **** void HAL_MspInit(void)
  66:Core/Src/stm32f4xx_hal_msp.c **** {
  29              		.loc 1 66 1 view -0
  30              		.cfi_startproc
  31              		@ args = 0, pretend = 0, frame = 8
  32              		@ frame_needed = 0, uses_anonymous_args = 0
  33 0000 00B5     		push	{lr}
  34              	.LCFI0:
  35              		.cfi_def_cfa_offset 4
  36              		.cfi_offset 14, -4
  37 0002 83B0     		sub	sp, sp, #12
  38              	.LCFI1:
  39              		.cfi_def_cfa_offset 16
  67:Core/Src/stm32f4xx_hal_msp.c ****   /* USER CODE BEGIN MspInit 0 */
  68:Core/Src/stm32f4xx_hal_msp.c **** 
  69:Core/Src/stm32f4xx_hal_msp.c ****   /* USER CODE END MspInit 0 */
  70:Core/Src/stm32f4xx_hal_msp.c **** 
  71:Core/Src/stm32f4xx_hal_msp.c ****   __HAL_RCC_SYSCFG_CLK_ENABLE();
  40              		.loc 1 71 3 view .LVU1
  41              	.LBB2:
  42              		.loc 1 71 3 view .LVU2
  43 0004 0021     		movs	r1, #0
  44 0006 0091     		str	r1, [sp]
ARM GAS  C:\Users\cy023\AppData\Local\Temp\cc3WkEKx.s 			page 3


  45              		.loc 1 71 3 view .LVU3
  46 0008 0C4B     		ldr	r3, .L3
  47 000a 5A6C     		ldr	r2, [r3, #68]
  48 000c 42F48042 		orr	r2, r2, #16384
  49 0010 5A64     		str	r2, [r3, #68]
  50              		.loc 1 71 3 view .LVU4
  51 0012 5A6C     		ldr	r2, [r3, #68]
  52 0014 02F48042 		and	r2, r2, #16384
  53 0018 0092     		str	r2, [sp]
  54              		.loc 1 71 3 view .LVU5
  55 001a 009A     		ldr	r2, [sp]
  56              	.LBE2:
  57              		.loc 1 71 3 view .LVU6
  72:Core/Src/stm32f4xx_hal_msp.c ****   __HAL_RCC_PWR_CLK_ENABLE();
  58              		.loc 1 72 3 view .LVU7
  59              	.LBB3:
  60              		.loc 1 72 3 view .LVU8
  61 001c 0191     		str	r1, [sp, #4]
  62              		.loc 1 72 3 view .LVU9
  63 001e 1A6C     		ldr	r2, [r3, #64]
  64 0020 42F08052 		orr	r2, r2, #268435456
  65 0024 1A64     		str	r2, [r3, #64]
  66              		.loc 1 72 3 view .LVU10
  67 0026 1B6C     		ldr	r3, [r3, #64]
  68 0028 03F08053 		and	r3, r3, #268435456
  69 002c 0193     		str	r3, [sp, #4]
  70              		.loc 1 72 3 view .LVU11
  71 002e 019B     		ldr	r3, [sp, #4]
  72              	.LBE3:
  73              		.loc 1 72 3 view .LVU12
  73:Core/Src/stm32f4xx_hal_msp.c **** 
  74:Core/Src/stm32f4xx_hal_msp.c ****   HAL_NVIC_SetPriorityGrouping(NVIC_PRIORITYGROUP_0);
  74              		.loc 1 74 3 view .LVU13
  75 0030 0720     		movs	r0, #7
  76 0032 FFF7FEFF 		bl	HAL_NVIC_SetPriorityGrouping
  77              	.LVL0:
  75:Core/Src/stm32f4xx_hal_msp.c **** 
  76:Core/Src/stm32f4xx_hal_msp.c ****   /* System interrupt init*/
  77:Core/Src/stm32f4xx_hal_msp.c **** 
  78:Core/Src/stm32f4xx_hal_msp.c ****   /* USER CODE BEGIN MspInit 1 */
  79:Core/Src/stm32f4xx_hal_msp.c **** 
  80:Core/Src/stm32f4xx_hal_msp.c ****   /* USER CODE END MspInit 1 */
  81:Core/Src/stm32f4xx_hal_msp.c **** }
  78              		.loc 1 81 1 is_stmt 0 view .LVU14
  79 0036 03B0     		add	sp, sp, #12
  80              	.LCFI2:
  81              		.cfi_def_cfa_offset 4
  82              		@ sp needed
  83 0038 5DF804FB 		ldr	pc, [sp], #4
  84              	.L4:
  85              		.align	2
  86              	.L3:
  87 003c 00380240 		.word	1073887232
  88              		.cfi_endproc
  89              	.LFE130:
  91              		.section	.text.HAL_I2C_MspInit,"ax",%progbits
  92              		.align	1
ARM GAS  C:\Users\cy023\AppData\Local\Temp\cc3WkEKx.s 			page 4


  93              		.global	HAL_I2C_MspInit
  94              		.syntax unified
  95              		.thumb
  96              		.thumb_func
  97              		.fpu fpv4-sp-d16
  99              	HAL_I2C_MspInit:
 100              	.LVL1:
 101              	.LFB131:
  82:Core/Src/stm32f4xx_hal_msp.c **** 
  83:Core/Src/stm32f4xx_hal_msp.c **** /**
  84:Core/Src/stm32f4xx_hal_msp.c **** * @brief I2C MSP Initialization
  85:Core/Src/stm32f4xx_hal_msp.c **** * This function configures the hardware resources used in this example
  86:Core/Src/stm32f4xx_hal_msp.c **** * @param hi2c: I2C handle pointer
  87:Core/Src/stm32f4xx_hal_msp.c **** * @retval None
  88:Core/Src/stm32f4xx_hal_msp.c **** */
  89:Core/Src/stm32f4xx_hal_msp.c **** void HAL_I2C_MspInit(I2C_HandleTypeDef* hi2c)
  90:Core/Src/stm32f4xx_hal_msp.c **** {
 102              		.loc 1 90 1 is_stmt 1 view -0
 103              		.cfi_startproc
 104              		@ args = 0, pretend = 0, frame = 32
 105              		@ frame_needed = 0, uses_anonymous_args = 0
 106              		.loc 1 90 1 is_stmt 0 view .LVU16
 107 0000 30B5     		push	{r4, r5, lr}
 108              	.LCFI3:
 109              		.cfi_def_cfa_offset 12
 110              		.cfi_offset 4, -12
 111              		.cfi_offset 5, -8
 112              		.cfi_offset 14, -4
 113 0002 89B0     		sub	sp, sp, #36
 114              	.LCFI4:
 115              		.cfi_def_cfa_offset 48
  91:Core/Src/stm32f4xx_hal_msp.c ****   GPIO_InitTypeDef GPIO_InitStruct = {0};
 116              		.loc 1 91 3 is_stmt 1 view .LVU17
 117              		.loc 1 91 20 is_stmt 0 view .LVU18
 118 0004 0023     		movs	r3, #0
 119 0006 0393     		str	r3, [sp, #12]
 120 0008 0493     		str	r3, [sp, #16]
 121 000a 0593     		str	r3, [sp, #20]
 122 000c 0693     		str	r3, [sp, #24]
 123 000e 0793     		str	r3, [sp, #28]
  92:Core/Src/stm32f4xx_hal_msp.c ****   if(hi2c->Instance==I2C1)
 124              		.loc 1 92 3 is_stmt 1 view .LVU19
 125              		.loc 1 92 10 is_stmt 0 view .LVU20
 126 0010 0268     		ldr	r2, [r0]
 127              		.loc 1 92 5 view .LVU21
 128 0012 144B     		ldr	r3, .L9
 129 0014 9A42     		cmp	r2, r3
 130 0016 01D0     		beq	.L8
 131              	.LVL2:
 132              	.L5:
  93:Core/Src/stm32f4xx_hal_msp.c ****   {
  94:Core/Src/stm32f4xx_hal_msp.c ****   /* USER CODE BEGIN I2C1_MspInit 0 */
  95:Core/Src/stm32f4xx_hal_msp.c **** 
  96:Core/Src/stm32f4xx_hal_msp.c ****   /* USER CODE END I2C1_MspInit 0 */
  97:Core/Src/stm32f4xx_hal_msp.c **** 
  98:Core/Src/stm32f4xx_hal_msp.c ****     __HAL_RCC_GPIOB_CLK_ENABLE();
  99:Core/Src/stm32f4xx_hal_msp.c ****     /**I2C1 GPIO Configuration
ARM GAS  C:\Users\cy023\AppData\Local\Temp\cc3WkEKx.s 			page 5


 100:Core/Src/stm32f4xx_hal_msp.c ****     PB6     ------> I2C1_SCL
 101:Core/Src/stm32f4xx_hal_msp.c ****     PB9     ------> I2C1_SDA
 102:Core/Src/stm32f4xx_hal_msp.c ****     */
 103:Core/Src/stm32f4xx_hal_msp.c ****     GPIO_InitStruct.Pin = Audio_SCL_Pin|Audio_SDA_Pin;
 104:Core/Src/stm32f4xx_hal_msp.c ****     GPIO_InitStruct.Mode = GPIO_MODE_AF_OD;
 105:Core/Src/stm32f4xx_hal_msp.c ****     GPIO_InitStruct.Pull = GPIO_PULLUP;
 106:Core/Src/stm32f4xx_hal_msp.c ****     GPIO_InitStruct.Speed = GPIO_SPEED_FREQ_LOW;
 107:Core/Src/stm32f4xx_hal_msp.c ****     GPIO_InitStruct.Alternate = GPIO_AF4_I2C1;
 108:Core/Src/stm32f4xx_hal_msp.c ****     HAL_GPIO_Init(GPIOB, &GPIO_InitStruct);
 109:Core/Src/stm32f4xx_hal_msp.c **** 
 110:Core/Src/stm32f4xx_hal_msp.c ****     /* Peripheral clock enable */
 111:Core/Src/stm32f4xx_hal_msp.c ****     __HAL_RCC_I2C1_CLK_ENABLE();
 112:Core/Src/stm32f4xx_hal_msp.c ****   /* USER CODE BEGIN I2C1_MspInit 1 */
 113:Core/Src/stm32f4xx_hal_msp.c **** 
 114:Core/Src/stm32f4xx_hal_msp.c ****   /* USER CODE END I2C1_MspInit 1 */
 115:Core/Src/stm32f4xx_hal_msp.c ****   }
 116:Core/Src/stm32f4xx_hal_msp.c **** 
 117:Core/Src/stm32f4xx_hal_msp.c **** }
 133              		.loc 1 117 1 view .LVU22
 134 0018 09B0     		add	sp, sp, #36
 135              	.LCFI5:
 136              		.cfi_remember_state
 137              		.cfi_def_cfa_offset 12
 138              		@ sp needed
 139 001a 30BD     		pop	{r4, r5, pc}
 140              	.LVL3:
 141              	.L8:
 142              	.LCFI6:
 143              		.cfi_restore_state
  98:Core/Src/stm32f4xx_hal_msp.c ****     /**I2C1 GPIO Configuration
 144              		.loc 1 98 5 is_stmt 1 view .LVU23
 145              	.LBB4:
  98:Core/Src/stm32f4xx_hal_msp.c ****     /**I2C1 GPIO Configuration
 146              		.loc 1 98 5 view .LVU24
 147 001c 0025     		movs	r5, #0
 148 001e 0195     		str	r5, [sp, #4]
  98:Core/Src/stm32f4xx_hal_msp.c ****     /**I2C1 GPIO Configuration
 149              		.loc 1 98 5 view .LVU25
 150 0020 114C     		ldr	r4, .L9+4
 151 0022 236B     		ldr	r3, [r4, #48]
 152 0024 43F00203 		orr	r3, r3, #2
 153 0028 2363     		str	r3, [r4, #48]
  98:Core/Src/stm32f4xx_hal_msp.c ****     /**I2C1 GPIO Configuration
 154              		.loc 1 98 5 view .LVU26
 155 002a 236B     		ldr	r3, [r4, #48]
 156 002c 03F00203 		and	r3, r3, #2
 157 0030 0193     		str	r3, [sp, #4]
  98:Core/Src/stm32f4xx_hal_msp.c ****     /**I2C1 GPIO Configuration
 158              		.loc 1 98 5 view .LVU27
 159 0032 019B     		ldr	r3, [sp, #4]
 160              	.LBE4:
  98:Core/Src/stm32f4xx_hal_msp.c ****     /**I2C1 GPIO Configuration
 161              		.loc 1 98 5 view .LVU28
 103:Core/Src/stm32f4xx_hal_msp.c ****     GPIO_InitStruct.Mode = GPIO_MODE_AF_OD;
 162              		.loc 1 103 5 view .LVU29
 103:Core/Src/stm32f4xx_hal_msp.c ****     GPIO_InitStruct.Mode = GPIO_MODE_AF_OD;
 163              		.loc 1 103 25 is_stmt 0 view .LVU30
ARM GAS  C:\Users\cy023\AppData\Local\Temp\cc3WkEKx.s 			page 6


 164 0034 4FF41073 		mov	r3, #576
 165 0038 0393     		str	r3, [sp, #12]
 104:Core/Src/stm32f4xx_hal_msp.c ****     GPIO_InitStruct.Pull = GPIO_PULLUP;
 166              		.loc 1 104 5 is_stmt 1 view .LVU31
 104:Core/Src/stm32f4xx_hal_msp.c ****     GPIO_InitStruct.Pull = GPIO_PULLUP;
 167              		.loc 1 104 26 is_stmt 0 view .LVU32
 168 003a 1223     		movs	r3, #18
 169 003c 0493     		str	r3, [sp, #16]
 105:Core/Src/stm32f4xx_hal_msp.c ****     GPIO_InitStruct.Speed = GPIO_SPEED_FREQ_LOW;
 170              		.loc 1 105 5 is_stmt 1 view .LVU33
 105:Core/Src/stm32f4xx_hal_msp.c ****     GPIO_InitStruct.Speed = GPIO_SPEED_FREQ_LOW;
 171              		.loc 1 105 26 is_stmt 0 view .LVU34
 172 003e 0123     		movs	r3, #1
 173 0040 0593     		str	r3, [sp, #20]
 106:Core/Src/stm32f4xx_hal_msp.c ****     GPIO_InitStruct.Alternate = GPIO_AF4_I2C1;
 174              		.loc 1 106 5 is_stmt 1 view .LVU35
 107:Core/Src/stm32f4xx_hal_msp.c ****     HAL_GPIO_Init(GPIOB, &GPIO_InitStruct);
 175              		.loc 1 107 5 view .LVU36
 107:Core/Src/stm32f4xx_hal_msp.c ****     HAL_GPIO_Init(GPIOB, &GPIO_InitStruct);
 176              		.loc 1 107 31 is_stmt 0 view .LVU37
 177 0042 0423     		movs	r3, #4
 178 0044 0793     		str	r3, [sp, #28]
 108:Core/Src/stm32f4xx_hal_msp.c **** 
 179              		.loc 1 108 5 is_stmt 1 view .LVU38
 180 0046 03A9     		add	r1, sp, #12
 181 0048 0848     		ldr	r0, .L9+8
 182              	.LVL4:
 108:Core/Src/stm32f4xx_hal_msp.c **** 
 183              		.loc 1 108 5 is_stmt 0 view .LVU39
 184 004a FFF7FEFF 		bl	HAL_GPIO_Init
 185              	.LVL5:
 111:Core/Src/stm32f4xx_hal_msp.c ****   /* USER CODE BEGIN I2C1_MspInit 1 */
 186              		.loc 1 111 5 is_stmt 1 view .LVU40
 187              	.LBB5:
 111:Core/Src/stm32f4xx_hal_msp.c ****   /* USER CODE BEGIN I2C1_MspInit 1 */
 188              		.loc 1 111 5 view .LVU41
 189 004e 0295     		str	r5, [sp, #8]
 111:Core/Src/stm32f4xx_hal_msp.c ****   /* USER CODE BEGIN I2C1_MspInit 1 */
 190              		.loc 1 111 5 view .LVU42
 191 0050 236C     		ldr	r3, [r4, #64]
 192 0052 43F40013 		orr	r3, r3, #2097152
 193 0056 2364     		str	r3, [r4, #64]
 111:Core/Src/stm32f4xx_hal_msp.c ****   /* USER CODE BEGIN I2C1_MspInit 1 */
 194              		.loc 1 111 5 view .LVU43
 195 0058 236C     		ldr	r3, [r4, #64]
 196 005a 03F40013 		and	r3, r3, #2097152
 197 005e 0293     		str	r3, [sp, #8]
 111:Core/Src/stm32f4xx_hal_msp.c ****   /* USER CODE BEGIN I2C1_MspInit 1 */
 198              		.loc 1 111 5 view .LVU44
 199 0060 029B     		ldr	r3, [sp, #8]
 200              	.LBE5:
 111:Core/Src/stm32f4xx_hal_msp.c ****   /* USER CODE BEGIN I2C1_MspInit 1 */
 201              		.loc 1 111 5 view .LVU45
 202              		.loc 1 117 1 is_stmt 0 view .LVU46
 203 0062 D9E7     		b	.L5
 204              	.L10:
 205              		.align	2
ARM GAS  C:\Users\cy023\AppData\Local\Temp\cc3WkEKx.s 			page 7


 206              	.L9:
 207 0064 00540040 		.word	1073763328
 208 0068 00380240 		.word	1073887232
 209 006c 00040240 		.word	1073873920
 210              		.cfi_endproc
 211              	.LFE131:
 213              		.section	.text.HAL_I2C_MspDeInit,"ax",%progbits
 214              		.align	1
 215              		.global	HAL_I2C_MspDeInit
 216              		.syntax unified
 217              		.thumb
 218              		.thumb_func
 219              		.fpu fpv4-sp-d16
 221              	HAL_I2C_MspDeInit:
 222              	.LVL6:
 223              	.LFB132:
 118:Core/Src/stm32f4xx_hal_msp.c **** 
 119:Core/Src/stm32f4xx_hal_msp.c **** /**
 120:Core/Src/stm32f4xx_hal_msp.c **** * @brief I2C MSP De-Initialization
 121:Core/Src/stm32f4xx_hal_msp.c **** * This function freeze the hardware resources used in this example
 122:Core/Src/stm32f4xx_hal_msp.c **** * @param hi2c: I2C handle pointer
 123:Core/Src/stm32f4xx_hal_msp.c **** * @retval None
 124:Core/Src/stm32f4xx_hal_msp.c **** */
 125:Core/Src/stm32f4xx_hal_msp.c **** void HAL_I2C_MspDeInit(I2C_HandleTypeDef* hi2c)
 126:Core/Src/stm32f4xx_hal_msp.c **** {
 224              		.loc 1 126 1 is_stmt 1 view -0
 225              		.cfi_startproc
 226              		@ args = 0, pretend = 0, frame = 0
 227              		@ frame_needed = 0, uses_anonymous_args = 0
 127:Core/Src/stm32f4xx_hal_msp.c ****   if(hi2c->Instance==I2C1)
 228              		.loc 1 127 3 view .LVU48
 229              		.loc 1 127 10 is_stmt 0 view .LVU49
 230 0000 0268     		ldr	r2, [r0]
 231              		.loc 1 127 5 view .LVU50
 232 0002 0A4B     		ldr	r3, .L18
 233 0004 9A42     		cmp	r2, r3
 234 0006 00D0     		beq	.L17
 235 0008 7047     		bx	lr
 236              	.L17:
 126:Core/Src/stm32f4xx_hal_msp.c ****   if(hi2c->Instance==I2C1)
 237              		.loc 1 126 1 view .LVU51
 238 000a 10B5     		push	{r4, lr}
 239              	.LCFI7:
 240              		.cfi_def_cfa_offset 8
 241              		.cfi_offset 4, -8
 242              		.cfi_offset 14, -4
 128:Core/Src/stm32f4xx_hal_msp.c ****   {
 129:Core/Src/stm32f4xx_hal_msp.c ****   /* USER CODE BEGIN I2C1_MspDeInit 0 */
 130:Core/Src/stm32f4xx_hal_msp.c **** 
 131:Core/Src/stm32f4xx_hal_msp.c ****   /* USER CODE END I2C1_MspDeInit 0 */
 132:Core/Src/stm32f4xx_hal_msp.c ****     /* Peripheral clock disable */
 133:Core/Src/stm32f4xx_hal_msp.c ****     __HAL_RCC_I2C1_CLK_DISABLE();
 243              		.loc 1 133 5 is_stmt 1 view .LVU52
 244 000c 084A     		ldr	r2, .L18+4
 245 000e 136C     		ldr	r3, [r2, #64]
 246 0010 23F40013 		bic	r3, r3, #2097152
 247 0014 1364     		str	r3, [r2, #64]
ARM GAS  C:\Users\cy023\AppData\Local\Temp\cc3WkEKx.s 			page 8


 134:Core/Src/stm32f4xx_hal_msp.c **** 
 135:Core/Src/stm32f4xx_hal_msp.c ****     /**I2C1 GPIO Configuration
 136:Core/Src/stm32f4xx_hal_msp.c ****     PB6     ------> I2C1_SCL
 137:Core/Src/stm32f4xx_hal_msp.c ****     PB9     ------> I2C1_SDA
 138:Core/Src/stm32f4xx_hal_msp.c ****     */
 139:Core/Src/stm32f4xx_hal_msp.c ****     HAL_GPIO_DeInit(Audio_SCL_GPIO_Port, Audio_SCL_Pin);
 248              		.loc 1 139 5 view .LVU53
 249 0016 074C     		ldr	r4, .L18+8
 250 0018 4021     		movs	r1, #64
 251 001a 2046     		mov	r0, r4
 252              	.LVL7:
 253              		.loc 1 139 5 is_stmt 0 view .LVU54
 254 001c FFF7FEFF 		bl	HAL_GPIO_DeInit
 255              	.LVL8:
 140:Core/Src/stm32f4xx_hal_msp.c **** 
 141:Core/Src/stm32f4xx_hal_msp.c ****     HAL_GPIO_DeInit(Audio_SDA_GPIO_Port, Audio_SDA_Pin);
 256              		.loc 1 141 5 is_stmt 1 view .LVU55
 257 0020 4FF40071 		mov	r1, #512
 258 0024 2046     		mov	r0, r4
 259 0026 FFF7FEFF 		bl	HAL_GPIO_DeInit
 260              	.LVL9:
 142:Core/Src/stm32f4xx_hal_msp.c **** 
 143:Core/Src/stm32f4xx_hal_msp.c ****   /* USER CODE BEGIN I2C1_MspDeInit 1 */
 144:Core/Src/stm32f4xx_hal_msp.c **** 
 145:Core/Src/stm32f4xx_hal_msp.c ****   /* USER CODE END I2C1_MspDeInit 1 */
 146:Core/Src/stm32f4xx_hal_msp.c ****   }
 147:Core/Src/stm32f4xx_hal_msp.c **** 
 148:Core/Src/stm32f4xx_hal_msp.c **** }
 261              		.loc 1 148 1 is_stmt 0 view .LVU56
 262 002a 10BD     		pop	{r4, pc}
 263              	.L19:
 264              		.align	2
 265              	.L18:
 266 002c 00540040 		.word	1073763328
 267 0030 00380240 		.word	1073887232
 268 0034 00040240 		.word	1073873920
 269              		.cfi_endproc
 270              	.LFE132:
 272              		.section	.text.HAL_I2S_MspInit,"ax",%progbits
 273              		.align	1
 274              		.global	HAL_I2S_MspInit
 275              		.syntax unified
 276              		.thumb
 277              		.thumb_func
 278              		.fpu fpv4-sp-d16
 280              	HAL_I2S_MspInit:
 281              	.LVL10:
 282              	.LFB133:
 149:Core/Src/stm32f4xx_hal_msp.c **** 
 150:Core/Src/stm32f4xx_hal_msp.c **** /**
 151:Core/Src/stm32f4xx_hal_msp.c **** * @brief I2S MSP Initialization
 152:Core/Src/stm32f4xx_hal_msp.c **** * This function configures the hardware resources used in this example
 153:Core/Src/stm32f4xx_hal_msp.c **** * @param hi2s: I2S handle pointer
 154:Core/Src/stm32f4xx_hal_msp.c **** * @retval None
 155:Core/Src/stm32f4xx_hal_msp.c **** */
 156:Core/Src/stm32f4xx_hal_msp.c **** void HAL_I2S_MspInit(I2S_HandleTypeDef* hi2s)
 157:Core/Src/stm32f4xx_hal_msp.c **** {
ARM GAS  C:\Users\cy023\AppData\Local\Temp\cc3WkEKx.s 			page 9


 283              		.loc 1 157 1 is_stmt 1 view -0
 284              		.cfi_startproc
 285              		@ args = 0, pretend = 0, frame = 32
 286              		@ frame_needed = 0, uses_anonymous_args = 0
 287              		.loc 1 157 1 is_stmt 0 view .LVU58
 288 0000 F0B5     		push	{r4, r5, r6, r7, lr}
 289              	.LCFI8:
 290              		.cfi_def_cfa_offset 20
 291              		.cfi_offset 4, -20
 292              		.cfi_offset 5, -16
 293              		.cfi_offset 6, -12
 294              		.cfi_offset 7, -8
 295              		.cfi_offset 14, -4
 296 0002 89B0     		sub	sp, sp, #36
 297              	.LCFI9:
 298              		.cfi_def_cfa_offset 56
 158:Core/Src/stm32f4xx_hal_msp.c ****   GPIO_InitTypeDef GPIO_InitStruct = {0};
 299              		.loc 1 158 3 is_stmt 1 view .LVU59
 300              		.loc 1 158 20 is_stmt 0 view .LVU60
 301 0004 0023     		movs	r3, #0
 302 0006 0393     		str	r3, [sp, #12]
 303 0008 0493     		str	r3, [sp, #16]
 304 000a 0593     		str	r3, [sp, #20]
 305 000c 0693     		str	r3, [sp, #24]
 306 000e 0793     		str	r3, [sp, #28]
 159:Core/Src/stm32f4xx_hal_msp.c ****   if(hi2s->Instance==SPI3)
 307              		.loc 1 159 3 is_stmt 1 view .LVU61
 308              		.loc 1 159 10 is_stmt 0 view .LVU62
 309 0010 0268     		ldr	r2, [r0]
 310              		.loc 1 159 5 view .LVU63
 311 0012 2D4B     		ldr	r3, .L26
 312 0014 9A42     		cmp	r2, r3
 313 0016 01D0     		beq	.L24
 314              	.LVL11:
 315              	.L20:
 160:Core/Src/stm32f4xx_hal_msp.c ****   {
 161:Core/Src/stm32f4xx_hal_msp.c ****   /* USER CODE BEGIN SPI3_MspInit 0 */
 162:Core/Src/stm32f4xx_hal_msp.c **** 
 163:Core/Src/stm32f4xx_hal_msp.c ****   /* USER CODE END SPI3_MspInit 0 */
 164:Core/Src/stm32f4xx_hal_msp.c ****     /* Peripheral clock enable */
 165:Core/Src/stm32f4xx_hal_msp.c ****     __HAL_RCC_SPI3_CLK_ENABLE();
 166:Core/Src/stm32f4xx_hal_msp.c **** 
 167:Core/Src/stm32f4xx_hal_msp.c ****     __HAL_RCC_GPIOA_CLK_ENABLE();
 168:Core/Src/stm32f4xx_hal_msp.c ****     __HAL_RCC_GPIOC_CLK_ENABLE();
 169:Core/Src/stm32f4xx_hal_msp.c ****     /**I2S3 GPIO Configuration
 170:Core/Src/stm32f4xx_hal_msp.c ****     PA4     ------> I2S3_WS
 171:Core/Src/stm32f4xx_hal_msp.c ****     PC7     ------> I2S3_MCK
 172:Core/Src/stm32f4xx_hal_msp.c ****     PC10     ------> I2S3_CK
 173:Core/Src/stm32f4xx_hal_msp.c ****     PC12     ------> I2S3_SD
 174:Core/Src/stm32f4xx_hal_msp.c ****     */
 175:Core/Src/stm32f4xx_hal_msp.c ****     GPIO_InitStruct.Pin = I2S3_WS_Pin;
 176:Core/Src/stm32f4xx_hal_msp.c ****     GPIO_InitStruct.Mode = GPIO_MODE_AF_PP;
 177:Core/Src/stm32f4xx_hal_msp.c ****     GPIO_InitStruct.Pull = GPIO_NOPULL;
 178:Core/Src/stm32f4xx_hal_msp.c ****     GPIO_InitStruct.Speed = GPIO_SPEED_FREQ_LOW;
 179:Core/Src/stm32f4xx_hal_msp.c ****     GPIO_InitStruct.Alternate = GPIO_AF6_SPI3;
 180:Core/Src/stm32f4xx_hal_msp.c ****     HAL_GPIO_Init(I2S3_WS_GPIO_Port, &GPIO_InitStruct);
 181:Core/Src/stm32f4xx_hal_msp.c **** 
ARM GAS  C:\Users\cy023\AppData\Local\Temp\cc3WkEKx.s 			page 10


 182:Core/Src/stm32f4xx_hal_msp.c ****     GPIO_InitStruct.Pin = I2S3_MCK_Pin|I2S3_SCK_Pin|I2S3_SD_Pin;
 183:Core/Src/stm32f4xx_hal_msp.c ****     GPIO_InitStruct.Mode = GPIO_MODE_AF_PP;
 184:Core/Src/stm32f4xx_hal_msp.c ****     GPIO_InitStruct.Pull = GPIO_NOPULL;
 185:Core/Src/stm32f4xx_hal_msp.c ****     GPIO_InitStruct.Speed = GPIO_SPEED_FREQ_LOW;
 186:Core/Src/stm32f4xx_hal_msp.c ****     GPIO_InitStruct.Alternate = GPIO_AF6_SPI3;
 187:Core/Src/stm32f4xx_hal_msp.c ****     HAL_GPIO_Init(GPIOC, &GPIO_InitStruct);
 188:Core/Src/stm32f4xx_hal_msp.c **** 
 189:Core/Src/stm32f4xx_hal_msp.c ****     /* I2S3 DMA Init */
 190:Core/Src/stm32f4xx_hal_msp.c ****     /* SPI3_TX Init */
 191:Core/Src/stm32f4xx_hal_msp.c ****     hdma_spi3_tx.Instance = DMA1_Stream5;
 192:Core/Src/stm32f4xx_hal_msp.c ****     hdma_spi3_tx.Init.Channel = DMA_CHANNEL_0;
 193:Core/Src/stm32f4xx_hal_msp.c ****     hdma_spi3_tx.Init.Direction = DMA_MEMORY_TO_PERIPH;
 194:Core/Src/stm32f4xx_hal_msp.c ****     hdma_spi3_tx.Init.PeriphInc = DMA_PINC_DISABLE;
 195:Core/Src/stm32f4xx_hal_msp.c ****     hdma_spi3_tx.Init.MemInc = DMA_MINC_ENABLE;
 196:Core/Src/stm32f4xx_hal_msp.c ****     hdma_spi3_tx.Init.PeriphDataAlignment = DMA_PDATAALIGN_HALFWORD;
 197:Core/Src/stm32f4xx_hal_msp.c ****     hdma_spi3_tx.Init.MemDataAlignment = DMA_MDATAALIGN_HALFWORD;
 198:Core/Src/stm32f4xx_hal_msp.c ****     hdma_spi3_tx.Init.Mode = DMA_NORMAL;
 199:Core/Src/stm32f4xx_hal_msp.c ****     hdma_spi3_tx.Init.Priority = DMA_PRIORITY_HIGH;
 200:Core/Src/stm32f4xx_hal_msp.c ****     hdma_spi3_tx.Init.FIFOMode = DMA_FIFOMODE_DISABLE;
 201:Core/Src/stm32f4xx_hal_msp.c ****     if (HAL_DMA_Init(&hdma_spi3_tx) != HAL_OK)
 202:Core/Src/stm32f4xx_hal_msp.c ****     {
 203:Core/Src/stm32f4xx_hal_msp.c ****       Error_Handler();
 204:Core/Src/stm32f4xx_hal_msp.c ****     }
 205:Core/Src/stm32f4xx_hal_msp.c **** 
 206:Core/Src/stm32f4xx_hal_msp.c ****     __HAL_LINKDMA(hi2s,hdmatx,hdma_spi3_tx);
 207:Core/Src/stm32f4xx_hal_msp.c **** 
 208:Core/Src/stm32f4xx_hal_msp.c ****   /* USER CODE BEGIN SPI3_MspInit 1 */
 209:Core/Src/stm32f4xx_hal_msp.c **** 
 210:Core/Src/stm32f4xx_hal_msp.c ****   /* USER CODE END SPI3_MspInit 1 */
 211:Core/Src/stm32f4xx_hal_msp.c ****   }
 212:Core/Src/stm32f4xx_hal_msp.c **** 
 213:Core/Src/stm32f4xx_hal_msp.c **** }
 316              		.loc 1 213 1 view .LVU64
 317 0018 09B0     		add	sp, sp, #36
 318              	.LCFI10:
 319              		.cfi_remember_state
 320              		.cfi_def_cfa_offset 20
 321              		@ sp needed
 322 001a F0BD     		pop	{r4, r5, r6, r7, pc}
 323              	.LVL12:
 324              	.L24:
 325              	.LCFI11:
 326              		.cfi_restore_state
 327              		.loc 1 213 1 view .LVU65
 328 001c 0446     		mov	r4, r0
 165:Core/Src/stm32f4xx_hal_msp.c **** 
 329              		.loc 1 165 5 is_stmt 1 view .LVU66
 330              	.LBB6:
 165:Core/Src/stm32f4xx_hal_msp.c **** 
 331              		.loc 1 165 5 view .LVU67
 332 001e 0025     		movs	r5, #0
 333 0020 0095     		str	r5, [sp]
 165:Core/Src/stm32f4xx_hal_msp.c **** 
 334              		.loc 1 165 5 view .LVU68
 335 0022 03F5FE33 		add	r3, r3, #130048
 336 0026 1A6C     		ldr	r2, [r3, #64]
 337 0028 42F40042 		orr	r2, r2, #32768
ARM GAS  C:\Users\cy023\AppData\Local\Temp\cc3WkEKx.s 			page 11


 338 002c 1A64     		str	r2, [r3, #64]
 165:Core/Src/stm32f4xx_hal_msp.c **** 
 339              		.loc 1 165 5 view .LVU69
 340 002e 1A6C     		ldr	r2, [r3, #64]
 341 0030 02F40042 		and	r2, r2, #32768
 342 0034 0092     		str	r2, [sp]
 165:Core/Src/stm32f4xx_hal_msp.c **** 
 343              		.loc 1 165 5 view .LVU70
 344 0036 009A     		ldr	r2, [sp]
 345              	.LBE6:
 165:Core/Src/stm32f4xx_hal_msp.c **** 
 346              		.loc 1 165 5 view .LVU71
 167:Core/Src/stm32f4xx_hal_msp.c ****     __HAL_RCC_GPIOC_CLK_ENABLE();
 347              		.loc 1 167 5 view .LVU72
 348              	.LBB7:
 167:Core/Src/stm32f4xx_hal_msp.c ****     __HAL_RCC_GPIOC_CLK_ENABLE();
 349              		.loc 1 167 5 view .LVU73
 350 0038 0195     		str	r5, [sp, #4]
 167:Core/Src/stm32f4xx_hal_msp.c ****     __HAL_RCC_GPIOC_CLK_ENABLE();
 351              		.loc 1 167 5 view .LVU74
 352 003a 1A6B     		ldr	r2, [r3, #48]
 353 003c 42F00102 		orr	r2, r2, #1
 354 0040 1A63     		str	r2, [r3, #48]
 167:Core/Src/stm32f4xx_hal_msp.c ****     __HAL_RCC_GPIOC_CLK_ENABLE();
 355              		.loc 1 167 5 view .LVU75
 356 0042 1A6B     		ldr	r2, [r3, #48]
 357 0044 02F00102 		and	r2, r2, #1
 358 0048 0192     		str	r2, [sp, #4]
 167:Core/Src/stm32f4xx_hal_msp.c ****     __HAL_RCC_GPIOC_CLK_ENABLE();
 359              		.loc 1 167 5 view .LVU76
 360 004a 019A     		ldr	r2, [sp, #4]
 361              	.LBE7:
 167:Core/Src/stm32f4xx_hal_msp.c ****     __HAL_RCC_GPIOC_CLK_ENABLE();
 362              		.loc 1 167 5 view .LVU77
 168:Core/Src/stm32f4xx_hal_msp.c ****     /**I2S3 GPIO Configuration
 363              		.loc 1 168 5 view .LVU78
 364              	.LBB8:
 168:Core/Src/stm32f4xx_hal_msp.c ****     /**I2S3 GPIO Configuration
 365              		.loc 1 168 5 view .LVU79
 366 004c 0295     		str	r5, [sp, #8]
 168:Core/Src/stm32f4xx_hal_msp.c ****     /**I2S3 GPIO Configuration
 367              		.loc 1 168 5 view .LVU80
 368 004e 1A6B     		ldr	r2, [r3, #48]
 369 0050 42F00402 		orr	r2, r2, #4
 370 0054 1A63     		str	r2, [r3, #48]
 168:Core/Src/stm32f4xx_hal_msp.c ****     /**I2S3 GPIO Configuration
 371              		.loc 1 168 5 view .LVU81
 372 0056 1B6B     		ldr	r3, [r3, #48]
 373 0058 03F00403 		and	r3, r3, #4
 374 005c 0293     		str	r3, [sp, #8]
 168:Core/Src/stm32f4xx_hal_msp.c ****     /**I2S3 GPIO Configuration
 375              		.loc 1 168 5 view .LVU82
 376 005e 029B     		ldr	r3, [sp, #8]
 377              	.LBE8:
 168:Core/Src/stm32f4xx_hal_msp.c ****     /**I2S3 GPIO Configuration
 378              		.loc 1 168 5 view .LVU83
 175:Core/Src/stm32f4xx_hal_msp.c ****     GPIO_InitStruct.Mode = GPIO_MODE_AF_PP;
ARM GAS  C:\Users\cy023\AppData\Local\Temp\cc3WkEKx.s 			page 12


 379              		.loc 1 175 5 view .LVU84
 175:Core/Src/stm32f4xx_hal_msp.c ****     GPIO_InitStruct.Mode = GPIO_MODE_AF_PP;
 380              		.loc 1 175 25 is_stmt 0 view .LVU85
 381 0060 1023     		movs	r3, #16
 382 0062 0393     		str	r3, [sp, #12]
 176:Core/Src/stm32f4xx_hal_msp.c ****     GPIO_InitStruct.Pull = GPIO_NOPULL;
 383              		.loc 1 176 5 is_stmt 1 view .LVU86
 176:Core/Src/stm32f4xx_hal_msp.c ****     GPIO_InitStruct.Pull = GPIO_NOPULL;
 384              		.loc 1 176 26 is_stmt 0 view .LVU87
 385 0064 0227     		movs	r7, #2
 386 0066 0497     		str	r7, [sp, #16]
 177:Core/Src/stm32f4xx_hal_msp.c ****     GPIO_InitStruct.Speed = GPIO_SPEED_FREQ_LOW;
 387              		.loc 1 177 5 is_stmt 1 view .LVU88
 178:Core/Src/stm32f4xx_hal_msp.c ****     GPIO_InitStruct.Alternate = GPIO_AF6_SPI3;
 388              		.loc 1 178 5 view .LVU89
 179:Core/Src/stm32f4xx_hal_msp.c ****     HAL_GPIO_Init(I2S3_WS_GPIO_Port, &GPIO_InitStruct);
 389              		.loc 1 179 5 view .LVU90
 179:Core/Src/stm32f4xx_hal_msp.c ****     HAL_GPIO_Init(I2S3_WS_GPIO_Port, &GPIO_InitStruct);
 390              		.loc 1 179 31 is_stmt 0 view .LVU91
 391 0068 0626     		movs	r6, #6
 392 006a 0796     		str	r6, [sp, #28]
 180:Core/Src/stm32f4xx_hal_msp.c **** 
 393              		.loc 1 180 5 is_stmt 1 view .LVU92
 394 006c 03A9     		add	r1, sp, #12
 395 006e 1748     		ldr	r0, .L26+4
 396              	.LVL13:
 180:Core/Src/stm32f4xx_hal_msp.c **** 
 397              		.loc 1 180 5 is_stmt 0 view .LVU93
 398 0070 FFF7FEFF 		bl	HAL_GPIO_Init
 399              	.LVL14:
 182:Core/Src/stm32f4xx_hal_msp.c ****     GPIO_InitStruct.Mode = GPIO_MODE_AF_PP;
 400              		.loc 1 182 5 is_stmt 1 view .LVU94
 182:Core/Src/stm32f4xx_hal_msp.c ****     GPIO_InitStruct.Mode = GPIO_MODE_AF_PP;
 401              		.loc 1 182 25 is_stmt 0 view .LVU95
 402 0074 4FF4A453 		mov	r3, #5248
 403 0078 0393     		str	r3, [sp, #12]
 183:Core/Src/stm32f4xx_hal_msp.c ****     GPIO_InitStruct.Pull = GPIO_NOPULL;
 404              		.loc 1 183 5 is_stmt 1 view .LVU96
 183:Core/Src/stm32f4xx_hal_msp.c ****     GPIO_InitStruct.Pull = GPIO_NOPULL;
 405              		.loc 1 183 26 is_stmt 0 view .LVU97
 406 007a 0497     		str	r7, [sp, #16]
 184:Core/Src/stm32f4xx_hal_msp.c ****     GPIO_InitStruct.Speed = GPIO_SPEED_FREQ_LOW;
 407              		.loc 1 184 5 is_stmt 1 view .LVU98
 184:Core/Src/stm32f4xx_hal_msp.c ****     GPIO_InitStruct.Speed = GPIO_SPEED_FREQ_LOW;
 408              		.loc 1 184 26 is_stmt 0 view .LVU99
 409 007c 0595     		str	r5, [sp, #20]
 185:Core/Src/stm32f4xx_hal_msp.c ****     GPIO_InitStruct.Alternate = GPIO_AF6_SPI3;
 410              		.loc 1 185 5 is_stmt 1 view .LVU100
 185:Core/Src/stm32f4xx_hal_msp.c ****     GPIO_InitStruct.Alternate = GPIO_AF6_SPI3;
 411              		.loc 1 185 27 is_stmt 0 view .LVU101
 412 007e 0695     		str	r5, [sp, #24]
 186:Core/Src/stm32f4xx_hal_msp.c ****     HAL_GPIO_Init(GPIOC, &GPIO_InitStruct);
 413              		.loc 1 186 5 is_stmt 1 view .LVU102
 186:Core/Src/stm32f4xx_hal_msp.c ****     HAL_GPIO_Init(GPIOC, &GPIO_InitStruct);
 414              		.loc 1 186 31 is_stmt 0 view .LVU103
 415 0080 0796     		str	r6, [sp, #28]
 187:Core/Src/stm32f4xx_hal_msp.c **** 
ARM GAS  C:\Users\cy023\AppData\Local\Temp\cc3WkEKx.s 			page 13


 416              		.loc 1 187 5 is_stmt 1 view .LVU104
 417 0082 03A9     		add	r1, sp, #12
 418 0084 1248     		ldr	r0, .L26+8
 419 0086 FFF7FEFF 		bl	HAL_GPIO_Init
 420              	.LVL15:
 191:Core/Src/stm32f4xx_hal_msp.c ****     hdma_spi3_tx.Init.Channel = DMA_CHANNEL_0;
 421              		.loc 1 191 5 view .LVU105
 191:Core/Src/stm32f4xx_hal_msp.c ****     hdma_spi3_tx.Init.Channel = DMA_CHANNEL_0;
 422              		.loc 1 191 27 is_stmt 0 view .LVU106
 423 008a 1248     		ldr	r0, .L26+12
 424 008c 124B     		ldr	r3, .L26+16
 425 008e 0360     		str	r3, [r0]
 192:Core/Src/stm32f4xx_hal_msp.c ****     hdma_spi3_tx.Init.Direction = DMA_MEMORY_TO_PERIPH;
 426              		.loc 1 192 5 is_stmt 1 view .LVU107
 192:Core/Src/stm32f4xx_hal_msp.c ****     hdma_spi3_tx.Init.Direction = DMA_MEMORY_TO_PERIPH;
 427              		.loc 1 192 31 is_stmt 0 view .LVU108
 428 0090 4560     		str	r5, [r0, #4]
 193:Core/Src/stm32f4xx_hal_msp.c ****     hdma_spi3_tx.Init.PeriphInc = DMA_PINC_DISABLE;
 429              		.loc 1 193 5 is_stmt 1 view .LVU109
 193:Core/Src/stm32f4xx_hal_msp.c ****     hdma_spi3_tx.Init.PeriphInc = DMA_PINC_DISABLE;
 430              		.loc 1 193 33 is_stmt 0 view .LVU110
 431 0092 4023     		movs	r3, #64
 432 0094 8360     		str	r3, [r0, #8]
 194:Core/Src/stm32f4xx_hal_msp.c ****     hdma_spi3_tx.Init.MemInc = DMA_MINC_ENABLE;
 433              		.loc 1 194 5 is_stmt 1 view .LVU111
 194:Core/Src/stm32f4xx_hal_msp.c ****     hdma_spi3_tx.Init.MemInc = DMA_MINC_ENABLE;
 434              		.loc 1 194 33 is_stmt 0 view .LVU112
 435 0096 C560     		str	r5, [r0, #12]
 195:Core/Src/stm32f4xx_hal_msp.c ****     hdma_spi3_tx.Init.PeriphDataAlignment = DMA_PDATAALIGN_HALFWORD;
 436              		.loc 1 195 5 is_stmt 1 view .LVU113
 195:Core/Src/stm32f4xx_hal_msp.c ****     hdma_spi3_tx.Init.PeriphDataAlignment = DMA_PDATAALIGN_HALFWORD;
 437              		.loc 1 195 30 is_stmt 0 view .LVU114
 438 0098 4FF48063 		mov	r3, #1024
 439 009c 0361     		str	r3, [r0, #16]
 196:Core/Src/stm32f4xx_hal_msp.c ****     hdma_spi3_tx.Init.MemDataAlignment = DMA_MDATAALIGN_HALFWORD;
 440              		.loc 1 196 5 is_stmt 1 view .LVU115
 196:Core/Src/stm32f4xx_hal_msp.c ****     hdma_spi3_tx.Init.MemDataAlignment = DMA_MDATAALIGN_HALFWORD;
 441              		.loc 1 196 43 is_stmt 0 view .LVU116
 442 009e 4FF40063 		mov	r3, #2048
 443 00a2 4361     		str	r3, [r0, #20]
 197:Core/Src/stm32f4xx_hal_msp.c ****     hdma_spi3_tx.Init.Mode = DMA_NORMAL;
 444              		.loc 1 197 5 is_stmt 1 view .LVU117
 197:Core/Src/stm32f4xx_hal_msp.c ****     hdma_spi3_tx.Init.Mode = DMA_NORMAL;
 445              		.loc 1 197 40 is_stmt 0 view .LVU118
 446 00a4 4FF40053 		mov	r3, #8192
 447 00a8 8361     		str	r3, [r0, #24]
 198:Core/Src/stm32f4xx_hal_msp.c ****     hdma_spi3_tx.Init.Priority = DMA_PRIORITY_HIGH;
 448              		.loc 1 198 5 is_stmt 1 view .LVU119
 198:Core/Src/stm32f4xx_hal_msp.c ****     hdma_spi3_tx.Init.Priority = DMA_PRIORITY_HIGH;
 449              		.loc 1 198 28 is_stmt 0 view .LVU120
 450 00aa C561     		str	r5, [r0, #28]
 199:Core/Src/stm32f4xx_hal_msp.c ****     hdma_spi3_tx.Init.FIFOMode = DMA_FIFOMODE_DISABLE;
 451              		.loc 1 199 5 is_stmt 1 view .LVU121
 199:Core/Src/stm32f4xx_hal_msp.c ****     hdma_spi3_tx.Init.FIFOMode = DMA_FIFOMODE_DISABLE;
 452              		.loc 1 199 32 is_stmt 0 view .LVU122
 453 00ac 4FF40033 		mov	r3, #131072
 454 00b0 0362     		str	r3, [r0, #32]
ARM GAS  C:\Users\cy023\AppData\Local\Temp\cc3WkEKx.s 			page 14


 200:Core/Src/stm32f4xx_hal_msp.c ****     if (HAL_DMA_Init(&hdma_spi3_tx) != HAL_OK)
 455              		.loc 1 200 5 is_stmt 1 view .LVU123
 200:Core/Src/stm32f4xx_hal_msp.c ****     if (HAL_DMA_Init(&hdma_spi3_tx) != HAL_OK)
 456              		.loc 1 200 32 is_stmt 0 view .LVU124
 457 00b2 4562     		str	r5, [r0, #36]
 201:Core/Src/stm32f4xx_hal_msp.c ****     {
 458              		.loc 1 201 5 is_stmt 1 view .LVU125
 201:Core/Src/stm32f4xx_hal_msp.c ****     {
 459              		.loc 1 201 9 is_stmt 0 view .LVU126
 460 00b4 FFF7FEFF 		bl	HAL_DMA_Init
 461              	.LVL16:
 201:Core/Src/stm32f4xx_hal_msp.c ****     {
 462              		.loc 1 201 8 view .LVU127
 463 00b8 18B9     		cbnz	r0, .L25
 464              	.L22:
 206:Core/Src/stm32f4xx_hal_msp.c **** 
 465              		.loc 1 206 5 is_stmt 1 view .LVU128
 206:Core/Src/stm32f4xx_hal_msp.c **** 
 466              		.loc 1 206 5 view .LVU129
 467 00ba 064B     		ldr	r3, .L26+12
 468 00bc A363     		str	r3, [r4, #56]
 206:Core/Src/stm32f4xx_hal_msp.c **** 
 469              		.loc 1 206 5 view .LVU130
 470 00be 9C63     		str	r4, [r3, #56]
 206:Core/Src/stm32f4xx_hal_msp.c **** 
 471              		.loc 1 206 5 view .LVU131
 472              		.loc 1 213 1 is_stmt 0 view .LVU132
 473 00c0 AAE7     		b	.L20
 474              	.L25:
 203:Core/Src/stm32f4xx_hal_msp.c ****     }
 475              		.loc 1 203 7 is_stmt 1 view .LVU133
 476 00c2 FFF7FEFF 		bl	Error_Handler
 477              	.LVL17:
 478 00c6 F8E7     		b	.L22
 479              	.L27:
 480              		.align	2
 481              	.L26:
 482 00c8 003C0040 		.word	1073757184
 483 00cc 00000240 		.word	1073872896
 484 00d0 00080240 		.word	1073874944
 485 00d4 00000000 		.word	hdma_spi3_tx
 486 00d8 88600240 		.word	1073897608
 487              		.cfi_endproc
 488              	.LFE133:
 490              		.section	.text.HAL_I2S_MspDeInit,"ax",%progbits
 491              		.align	1
 492              		.global	HAL_I2S_MspDeInit
 493              		.syntax unified
 494              		.thumb
 495              		.thumb_func
 496              		.fpu fpv4-sp-d16
 498              	HAL_I2S_MspDeInit:
 499              	.LVL18:
 500              	.LFB134:
 214:Core/Src/stm32f4xx_hal_msp.c **** 
 215:Core/Src/stm32f4xx_hal_msp.c **** /**
 216:Core/Src/stm32f4xx_hal_msp.c **** * @brief I2S MSP De-Initialization
ARM GAS  C:\Users\cy023\AppData\Local\Temp\cc3WkEKx.s 			page 15


 217:Core/Src/stm32f4xx_hal_msp.c **** * This function freeze the hardware resources used in this example
 218:Core/Src/stm32f4xx_hal_msp.c **** * @param hi2s: I2S handle pointer
 219:Core/Src/stm32f4xx_hal_msp.c **** * @retval None
 220:Core/Src/stm32f4xx_hal_msp.c **** */
 221:Core/Src/stm32f4xx_hal_msp.c **** void HAL_I2S_MspDeInit(I2S_HandleTypeDef* hi2s)
 222:Core/Src/stm32f4xx_hal_msp.c **** {
 501              		.loc 1 222 1 view -0
 502              		.cfi_startproc
 503              		@ args = 0, pretend = 0, frame = 0
 504              		@ frame_needed = 0, uses_anonymous_args = 0
 223:Core/Src/stm32f4xx_hal_msp.c ****   if(hi2s->Instance==SPI3)
 505              		.loc 1 223 3 view .LVU135
 506              		.loc 1 223 10 is_stmt 0 view .LVU136
 507 0000 0268     		ldr	r2, [r0]
 508              		.loc 1 223 5 view .LVU137
 509 0002 0C4B     		ldr	r3, .L35
 510 0004 9A42     		cmp	r2, r3
 511 0006 00D0     		beq	.L34
 512 0008 7047     		bx	lr
 513              	.L34:
 222:Core/Src/stm32f4xx_hal_msp.c ****   if(hi2s->Instance==SPI3)
 514              		.loc 1 222 1 view .LVU138
 515 000a 10B5     		push	{r4, lr}
 516              	.LCFI12:
 517              		.cfi_def_cfa_offset 8
 518              		.cfi_offset 4, -8
 519              		.cfi_offset 14, -4
 520 000c 0446     		mov	r4, r0
 224:Core/Src/stm32f4xx_hal_msp.c ****   {
 225:Core/Src/stm32f4xx_hal_msp.c ****   /* USER CODE BEGIN SPI3_MspDeInit 0 */
 226:Core/Src/stm32f4xx_hal_msp.c **** 
 227:Core/Src/stm32f4xx_hal_msp.c ****   /* USER CODE END SPI3_MspDeInit 0 */
 228:Core/Src/stm32f4xx_hal_msp.c ****     /* Peripheral clock disable */
 229:Core/Src/stm32f4xx_hal_msp.c ****     __HAL_RCC_SPI3_CLK_DISABLE();
 521              		.loc 1 229 5 is_stmt 1 view .LVU139
 522 000e 0A4A     		ldr	r2, .L35+4
 523 0010 136C     		ldr	r3, [r2, #64]
 524 0012 23F40043 		bic	r3, r3, #32768
 525 0016 1364     		str	r3, [r2, #64]
 230:Core/Src/stm32f4xx_hal_msp.c **** 
 231:Core/Src/stm32f4xx_hal_msp.c ****     /**I2S3 GPIO Configuration
 232:Core/Src/stm32f4xx_hal_msp.c ****     PA4     ------> I2S3_WS
 233:Core/Src/stm32f4xx_hal_msp.c ****     PC7     ------> I2S3_MCK
 234:Core/Src/stm32f4xx_hal_msp.c ****     PC10     ------> I2S3_CK
 235:Core/Src/stm32f4xx_hal_msp.c ****     PC12     ------> I2S3_SD
 236:Core/Src/stm32f4xx_hal_msp.c ****     */
 237:Core/Src/stm32f4xx_hal_msp.c ****     HAL_GPIO_DeInit(I2S3_WS_GPIO_Port, I2S3_WS_Pin);
 526              		.loc 1 237 5 view .LVU140
 527 0018 1021     		movs	r1, #16
 528 001a 0848     		ldr	r0, .L35+8
 529              	.LVL19:
 530              		.loc 1 237 5 is_stmt 0 view .LVU141
 531 001c FFF7FEFF 		bl	HAL_GPIO_DeInit
 532              	.LVL20:
 238:Core/Src/stm32f4xx_hal_msp.c **** 
 239:Core/Src/stm32f4xx_hal_msp.c ****     HAL_GPIO_DeInit(GPIOC, I2S3_MCK_Pin|I2S3_SCK_Pin|I2S3_SD_Pin);
 533              		.loc 1 239 5 is_stmt 1 view .LVU142
ARM GAS  C:\Users\cy023\AppData\Local\Temp\cc3WkEKx.s 			page 16


 534 0020 4FF4A451 		mov	r1, #5248
 535 0024 0648     		ldr	r0, .L35+12
 536 0026 FFF7FEFF 		bl	HAL_GPIO_DeInit
 537              	.LVL21:
 240:Core/Src/stm32f4xx_hal_msp.c **** 
 241:Core/Src/stm32f4xx_hal_msp.c ****     /* I2S3 DMA DeInit */
 242:Core/Src/stm32f4xx_hal_msp.c ****     HAL_DMA_DeInit(hi2s->hdmatx);
 538              		.loc 1 242 5 view .LVU143
 539 002a A06B     		ldr	r0, [r4, #56]
 540 002c FFF7FEFF 		bl	HAL_DMA_DeInit
 541              	.LVL22:
 243:Core/Src/stm32f4xx_hal_msp.c ****   /* USER CODE BEGIN SPI3_MspDeInit 1 */
 244:Core/Src/stm32f4xx_hal_msp.c **** 
 245:Core/Src/stm32f4xx_hal_msp.c ****   /* USER CODE END SPI3_MspDeInit 1 */
 246:Core/Src/stm32f4xx_hal_msp.c ****   }
 247:Core/Src/stm32f4xx_hal_msp.c **** 
 248:Core/Src/stm32f4xx_hal_msp.c **** }
 542              		.loc 1 248 1 is_stmt 0 view .LVU144
 543 0030 10BD     		pop	{r4, pc}
 544              	.LVL23:
 545              	.L36:
 546              		.loc 1 248 1 view .LVU145
 547 0032 00BF     		.align	2
 548              	.L35:
 549 0034 003C0040 		.word	1073757184
 550 0038 00380240 		.word	1073887232
 551 003c 00000240 		.word	1073872896
 552 0040 00080240 		.word	1073874944
 553              		.cfi_endproc
 554              	.LFE134:
 556              		.text
 557              	.Letext0:
 558              		.file 2 "d:\\program files\\gnu arm embedded toolchain\\10 2020-q4-major\\arm-none-eabi\\include\\
 559              		.file 3 "d:\\program files\\gnu arm embedded toolchain\\10 2020-q4-major\\arm-none-eabi\\include\\
 560              		.file 4 "Drivers/CMSIS/Device/ST/STM32F4xx/Include/stm32f407xx.h"
 561              		.file 5 "Drivers/STM32F4xx_HAL_Driver/Inc/stm32f4xx_hal_def.h"
 562              		.file 6 "Drivers/STM32F4xx_HAL_Driver/Inc/stm32f4xx_hal_gpio.h"
 563              		.file 7 "Drivers/STM32F4xx_HAL_Driver/Inc/stm32f4xx_hal_dma.h"
 564              		.file 8 "Drivers/STM32F4xx_HAL_Driver/Inc/stm32f4xx_hal_i2c.h"
 565              		.file 9 "Drivers/STM32F4xx_HAL_Driver/Inc/stm32f4xx_hal_i2s.h"
 566              		.file 10 "Core/Inc/main.h"
 567              		.file 11 "Drivers/STM32F4xx_HAL_Driver/Inc/stm32f4xx_hal_cortex.h"
ARM GAS  C:\Users\cy023\AppData\Local\Temp\cc3WkEKx.s 			page 17


DEFINED SYMBOLS
                            *ABS*:00000000 stm32f4xx_hal_msp.c
C:\Users\cy023\AppData\Local\Temp\cc3WkEKx.s:18     .text.HAL_MspInit:00000000 $t
C:\Users\cy023\AppData\Local\Temp\cc3WkEKx.s:26     .text.HAL_MspInit:00000000 HAL_MspInit
C:\Users\cy023\AppData\Local\Temp\cc3WkEKx.s:87     .text.HAL_MspInit:0000003c $d
C:\Users\cy023\AppData\Local\Temp\cc3WkEKx.s:92     .text.HAL_I2C_MspInit:00000000 $t
C:\Users\cy023\AppData\Local\Temp\cc3WkEKx.s:99     .text.HAL_I2C_MspInit:00000000 HAL_I2C_MspInit
C:\Users\cy023\AppData\Local\Temp\cc3WkEKx.s:207    .text.HAL_I2C_MspInit:00000064 $d
C:\Users\cy023\AppData\Local\Temp\cc3WkEKx.s:214    .text.HAL_I2C_MspDeInit:00000000 $t
C:\Users\cy023\AppData\Local\Temp\cc3WkEKx.s:221    .text.HAL_I2C_MspDeInit:00000000 HAL_I2C_MspDeInit
C:\Users\cy023\AppData\Local\Temp\cc3WkEKx.s:266    .text.HAL_I2C_MspDeInit:0000002c $d
C:\Users\cy023\AppData\Local\Temp\cc3WkEKx.s:273    .text.HAL_I2S_MspInit:00000000 $t
C:\Users\cy023\AppData\Local\Temp\cc3WkEKx.s:280    .text.HAL_I2S_MspInit:00000000 HAL_I2S_MspInit
C:\Users\cy023\AppData\Local\Temp\cc3WkEKx.s:482    .text.HAL_I2S_MspInit:000000c8 $d
C:\Users\cy023\AppData\Local\Temp\cc3WkEKx.s:491    .text.HAL_I2S_MspDeInit:00000000 $t
C:\Users\cy023\AppData\Local\Temp\cc3WkEKx.s:498    .text.HAL_I2S_MspDeInit:00000000 HAL_I2S_MspDeInit
C:\Users\cy023\AppData\Local\Temp\cc3WkEKx.s:549    .text.HAL_I2S_MspDeInit:00000034 $d

UNDEFINED SYMBOLS
HAL_NVIC_SetPriorityGrouping
HAL_GPIO_Init
HAL_GPIO_DeInit
HAL_DMA_Init
Error_Handler
hdma_spi3_tx
HAL_DMA_DeInit
